Timeout when executing GeneralStateTests/stShift
Running 1 test case...
Running tests using path: /tests
Active client configurations: 'local '
Running tests for config 'Ethereum GO on StateTool (local)' 2
/tests/bin/evm: error while loading shared libraries: /lib/x86_64-linux-gnu/libm.so.6: cannot read file data: Error 11
/tests/bin/evm: error while loading shared libraries: /lib/x86_64-linux-gnu/libpthread.so.0: cannot read file data: Error 11
ERROR(10): Failed unmarshaling alloc-file: read /tmp/ee47f29f-c6b2-4e3b-a14a-e27b0a48112c/alloc.json: resource temporarily unavailable
/tests/bin/evm: error while loading shared libraries: /lib/x86_64-linux-gnu/librt.so.1: cannot read file data: Error 11
/tests/bin/evm: error while loading shared libraries: /lib/x86_64-linux-gnu/libc.so.6: cannot read file data: Error 11
/tests/bin/evm: error while loading shared libraries: /lib/x86_64-linux-gnu/librt.so.1: cannot read file data: Error 11
ERROR(10): Failed unmarshaling txs-file: read /tmp/ee47f29f-c6b2-4e3b-a14a-e27b0a48112c/txs.json: resource temporarily unavailable
/tests/bin/evm: error while loading shared libraries: /lib/x86_64-linux-gnu/libm.so.6: cannot read file data: Error 11
ERROR(10): Failed unmarshaling env-file: read /tmp/ee47f29f-c6b2-4e3b-a14a-e27b0a48112c/env.json: resource temporarily unavailable
Timeout when executing GeneralStateTests/stCallCodes
Running 1 test case...
Running tests using path: /tests
Active client configurations: 'local '
Running tests for config 'Ethereum GO on StateTool (local)' 2
/tests/bin/evm: error while loading shared libraries: /lib/x86_64-linux-gnu/libm.so.6: cannot read file data: Error 11
ERROR(10): Failed unmarshaling env-file: read /tmp/93f2ac8d-fc66-44fc-ac5a-bbde60f322e4/env.json: resource temporarily unavailable
Timeout when executing GeneralStateTests/stLogTests
Running 1 test case...
Running tests using path: /tests
Active client configurations: 'local '
Running tests for config 'Ethereum GO on StateTool (local)' 2
Timeout when executing GeneralStateTests/stDelegatecallTestHomestead
Running 1 test case...
Running tests using path: /tests
Active client configurations: 'local '
Running tests for config 'Ethereum GO on StateTool (local)' 2
/tests/bin/evm: error while loading shared libraries: /lib/x86_64-linux-gnu/libpthread.so.0: cannot read file data: Error 11
ERROR(10): Failed unmarshaling alloc-file: read /tmp/071ef250-f740-4d57-adc7-14bba0941769/alloc.json: resource temporarily unavailable
ERROR(10): Failed unmarshaling env-file: read /tmp/071ef250-f740-4d57-adc7-14bba0941769/env.json: resource temporarily unavailable
ERROR(10): Failed unmarshaling alloc-file: read /tmp/071ef250-f740-4d57-adc7-14bba0941769/alloc.json: resource temporarily unavailable
/tests/bin/evm: error while loading shared libraries: /lib/x86_64-linux-gnu/libm.so.6: cannot read file data: Error 11
ERROR(10): Failed unmarshaling txs-file: read /tmp/071ef250-f740-4d57-adc7-14bba0941769/txs.json: resource temporarily unavailable
Running 1 test case...
Running tests using path: /tests
Active client configurations: 'local '
Running tests for config 'Ethereum GO on StateTool (local)' 2
/tests/bin/evm: error while loading shared libraries: /lib/x86_64-linux-gnu/libpthread.so.0: cannot read file data: Error 11
/tests/bin/evm: error while loading shared libraries: /lib/x86_64-linux-gnu/librt.so.1: cannot read file data: Error 11
/tests/bin/evm: error while loading shared libraries: /lib/x86_64-linux-gnu/libpthread.so.0: cannot read file data: Error 11
/tests/bin/evm: error while loading shared libraries: /lib/x86_64-linux-gnu/librt.so.1: cannot read file data: Error 11
/tests/bin/evm: error while loading shared libraries: /lib/x86_64-linux-gnu/libm.so.6: cannot read file data: Error 11
/tests/bin/evm: error while loading shared libraries: /lib/x86_64-linux-gnu/librt.so.1: cannot read file data: Error 11
/tests/bin/evm: error while loading shared libraries: /lib/x86_64-linux-gnu/libpthread.so.0: cannot read file data: Error 11
ERROR(10): Failed unmarshaling alloc-file: read /tmp/b06abb36-4996-440a-a851-4226f819a90a/alloc.json: resource temporarily unavailable
/tests/bin/evm: error while loading shared libraries: /lib/x86_64-linux-gnu/libpthread.so.0: cannot read file data: Error 11
[0;31mError: The command '/tests/config/local/start.sh --input.alloc /tmp/b06abb36-4996-440a-a851-4226f819a90a/alloc.json --input.txs /tmp/b06abb36-4996-440a-a851-4226f819a90a/txs.json --input.env /tmp/b06abb36-4996-440a-a851-4226f819a90a/env.json --state.fork YOLOv3 --output.basedir /tmp/b06abb36-4996-440a-a851-4226f819a90a --output.result out.json --output.alloc outAlloc.json' exited with 32512 code.[33m (stMemExpandingEIP150Calls/NewGasPriceForCodesWithMemExpandingCalls, step: GeneralStateTest)[0m[0m
[0;31mError: The command '/tests/config/local/start.sh --input.alloc /tmp/b06abb36-4996-440a-a851-4226f819a90a/alloc.json --input.txs /tmp/b06abb36-4996-440a-a851-4226f819a90a/txs.json --input.env /tmp/b06abb36-4996-440a-a851-4226f819a90a/env.json --state.fork YOLOv3 --output.basedir /tmp/b06abb36-4996-440a-a851-4226f819a90a --output.result out.json --output.alloc outAlloc.json' exited with 32512 code.[33m (stMemExpandingEIP150Calls/CallGoesOOGOnSecondLevelWithMemExpandingCalls, step: GeneralStateTest)[0m[0m
[0;31mError: The command '/tests/config/local/start.sh --input.alloc /tmp/b06abb36-4996-440a-a851-4226f819a90a/alloc.json --input.txs /tmp/b06abb36-4996-440a-a851-4226f819a90a/txs.json --input.env /tmp/b06abb36-4996-440a-a851-4226f819a90a/env.json --state.fork YOLOv3 --output.basedir /tmp/b06abb36-4996-440a-a851-4226f819a90a --output.result out.json --output.alloc outAlloc.json' exited with 32512 code.[33m (stMemExpandingEIP150Calls/CallAskMoreGasOnDepth2ThenTransactionHasWithMemExpandingCalls, fork: Berlin, TrInfo: d: 0, g: 0, v: 0, TrData: ` 0x..`)[0m[0m
[0;31mError: The command '/tests/config/local/start.sh --input.alloc /tmp/b06abb36-4996-440a-a851-4226f819a90a/alloc.json --input.txs /tmp/b06abb36-4996-440a-a851-4226f819a90a/txs.json --input.env /tmp/b06abb36-4996-440a-a851-4226f819a90a/env.json --state.fork YOLOv3 --output.basedir /tmp/b06abb36-4996-440a-a851-4226f819a90a --output.result out.json --output.alloc outAlloc.json' exited with 32512 code.[33m (stMemExpandingEIP150Calls/CallAskMoreGasOnDepth2ThenTransactionHasWithMemExpandingCalls, fork: Berlin, TrInfo: d: 0, g: 0, v: 0, TrData: ` 0x..`)[0m[0m
[0;31mError: The command '/tests/config/local/start.sh --input.alloc /tmp/b06abb36-4996-440a-a851-4226f819a90a/alloc.json --input.txs /tmp/b06abb36-4996-440a-a851-4226f819a90a/txs.json --input.env /tmp/b06abb36-4996-440a-a851-4226f819a90a/env.json --state.fork YOLOv3 --output.basedir /tmp/b06abb36-4996-440a-a851-4226f819a90a --output.result out.json --output.alloc outAlloc.json' exited with 32512 code.[33m (stMemExpandingEIP150Calls/CallAndCallcodeConsumeMoreGasThenTransactionHasWithMemExpandingCalls, step: GeneralStateTest)[0m[0m
[0;31mError: The command '/tests/config/local/start.sh --input.alloc /tmp/b06abb36-4996-440a-a851-4226f819a90a/alloc.json --input.txs /tmp/b06abb36-4996-440a-a851-4226f819a90a/txs.json --input.env /tmp/b06abb36-4996-440a-a851-4226f819a90a/env.json --state.fork YOLOv3 --output.basedir /tmp/b06abb36-4996-440a-a851-4226f819a90a --output.result out.json --output.alloc outAlloc.json' exited with 32512 code.[33m (stMemExpandingEIP150Calls/CreateAndGasInsideCreateWithMemExpandingCalls, fork: Berlin, TrInfo: d: 0, g: 0, v: 0, TrData: ` 0x..`)[0m[0m
[0;31mError: The command '/tests/config/local/start.sh --input.alloc /tmp/b06abb36-4996-440a-a851-4226f819a90a/alloc.json --input.txs /tmp/b06abb36-4996-440a-a851-4226f819a90a/txs.json --input.env /tmp/b06abb36-4996-440a-a851-4226f819a90a/env.json --state.fork YOLOv3 --output.basedir /tmp/b06abb36-4996-440a-a851-4226f819a90a --output.result out.json --output.alloc outAlloc.json' exited with 32512 code.[33m (stMemExpandingEIP150Calls/CreateAndGasInsideCreateWithMemExpandingCalls, fork: Berlin, TrInfo: d: 0, g: 0, v: 0, TrData: ` 0x..`)[0m[0m
[0;31mError: The command '/tests/config/local/start.sh --input.alloc /tmp/b06abb36-4996-440a-a851-4226f819a90a/alloc.json --input.txs /tmp/b06abb36-4996-440a-a851-4226f819a90a/txs.json --input.env /tmp/b06abb36-4996-440a-a851-4226f819a90a/env.json --state.fork YOLOv3 --output.basedir /tmp/b06abb36-4996-440a-a851-4226f819a90a --output.result out.json --output.alloc outAlloc.json' exited with 32512 code.[33m (stMemExpandingEIP150Calls/DelegateCallOnEIPWithMemExpandingCalls, fork: Berlin, TrInfo: d: 0, g: 0, v: 0, TrData: ` 0x..`)[0m[0m
[0;31mError: The command '/tests/config/local/start.sh --input.alloc /tmp/b06abb36-4996-440a-a851-4226f819a90a/alloc.json --input.txs /tmp/b06abb36-4996-440a-a851-4226f819a90a/txs.json --input.env /tmp/b06abb36-4996-440a-a851-4226f819a90a/env.json --state.fork YOLOv3 --output.basedir /tmp/b06abb36-4996-440a-a851-4226f819a90a --output.result out.json --output.alloc outAlloc.json' exited with 32512 code.[33m (stMemExpandingEIP150Calls/DelegateCallOnEIPWithMemExpandingCalls, fork: Berlin, TrInfo: d: 0, g: 0, v: 0, TrData: ` 0x..`)[0m[0m
[0;31mError: The command '/tests/config/local/start.sh --input.alloc /tmp/b06abb36-4996-440a-a851-4226f819a90a/alloc.json --input.txs /tmp/b06abb36-4996-440a-a851-4226f819a90a/txs.json --input.env /tmp/b06abb36-4996-440a-a851-4226f819a90a/env.json --state.fork YOLOv3 --output.basedir /tmp/b06abb36-4996-440a-a851-4226f819a90a --output.result out.json --output.alloc outAlloc.json' exited with 32512 code.[33m (stMemExpandingEIP150Calls/CallGoesOOGOnSecondLevel2WithMemExpandingCalls, fork: Berlin, TrInfo: d: 0, g: 0, v: 0, TrData: ` 0x..`)[0m[0m
[0;31mError: The command '/tests/config/local/start.sh --input.alloc /tmp/b06abb36-4996-440a-a851-4226f819a90a/alloc.json --input.txs /tmp/b06abb36-4996-440a-a851-4226f819a90a/txs.json --input.env /tmp/b06abb36-4996-440a-a851-4226f819a90a/env.json --state.fork YOLOv3 --output.basedir /tmp/b06abb36-4996-440a-a851-4226f819a90a --output.result out.json --output.alloc outAlloc.json' exited with 32512 code.[33m (stMemExpandingEIP150Calls/CallGoesOOGOnSecondLevel2WithMemExpandingCalls, fork: Berlin, TrInfo: d: 0, g: 0, v: 0, TrData: ` 0x..`)[0m[0m
[0;31mError: The command '/tests/config/local/start.sh --input.alloc /tmp/b06abb36-4996-440a-a851-4226f819a90a/alloc.json --input.txs /tmp/b06abb36-4996-440a-a851-4226f819a90a/txs.json --input.env /tmp/b06abb36-4996-440a-a851-4226f819a90a/env.json --state.fork YOLOv3 --output.basedir /tmp/b06abb36-4996-440a-a851-4226f819a90a --output.result out.json --output.alloc outAlloc.json' exited with 2560 code.[33m (stMemExpandingEIP150Calls/ExecuteCallThatAskMoreGasThenTransactionHasWithMemExpandingCalls, fork: Berlin, TrInfo: d: 0, g: 0, v: 0, TrData: ` 0x..`)[0m[0m
[0;31mError: The command '/tests/config/local/start.sh --input.alloc /tmp/b06abb36-4996-440a-a851-4226f819a90a/alloc.json --input.txs /tmp/b06abb36-4996-440a-a851-4226f819a90a/txs.json --input.env /tmp/b06abb36-4996-440a-a851-4226f819a90a/env.json --state.fork YOLOv3 --output.basedir /tmp/b06abb36-4996-440a-a851-4226f819a90a --output.result out.json --output.alloc outAlloc.json' exited with 2560 code.[33m (stMemExpandingEIP150Calls/ExecuteCallThatAskMoreGasThenTransactionHasWithMemExpandingCalls, fork: Berlin, TrInfo: d: 0, g: 0, v: 0, TrData: ` 0x..`)[0m[0m
[0;31mError: The command '/tests/config/local/start.sh --input.alloc /tmp/b06abb36-4996-440a-a851-4226f819a90a/alloc.json --input.txs /tmp/b06abb36-4996-440a-a851-4226f819a90a/txs.json --input.env /tmp/b06abb36-4996-440a-a851-4226f819a90a/env.json --state.fork YOLOv3 --output.basedir /tmp/b06abb36-4996-440a-a851-4226f819a90a --output.result out.json --output.alloc outAlloc.json' exited with 32512 code.[33m (stMemExpandingEIP150Calls/OOGinReturn, fork: Berlin, TrInfo: d: 0, g: 0, v: 0, TrData: ` 0x1a8451..`)[0m[0m
[0;31mError: The command '/tests/config/local/start.sh --input.alloc /tmp/b06abb36-4996-440a-a851-4226f819a90a/alloc.json --input.txs /tmp/b06abb36-4996-440a-a851-4226f819a90a/txs.json --input.env /tmp/b06abb36-4996-440a-a851-4226f819a90a/env.json --state.fork YOLOv3 --output.basedir /tmp/b06abb36-4996-440a-a851-4226f819a90a --output.result out.json --output.alloc outAlloc.json' exited with 32512 code.[33m (stMemExpandingEIP150Calls/OOGinReturn, fork: Berlin, TrInfo: d: 0, g: 0, v: 0, TrData: ` 0x1a8451..`)[0m[0m
[0;31m
--------[0m
[0;31mTestOutputHelper detected 15 errors during test execution![0m
Test Case "stMemExpandingEIP150Calls": 
22%...
44%...
66%...
88%...
100%

*** 1 failure is detected in the test module "Master Test Suite"
/retesteth/retesteth/TestOutputHelper.cpp(208): error: in "GeneralStateTests/stMemExpandingEIP150Calls": 
[0;31m*** Total Tests Run: 0
[0m
[0;31m
--------[0m
[0;31m*** TOTAL ERRORS DETECTED: 15 errors during all test execution![0m
[0;31m--------[0m
info:[33m (stMemExpandingEIP150Calls/CallAndCallcodeConsumeMoreGasThenTransactionHasWithMemExpandingCalls, step: GeneralStateTest)[0m
info:[33m (stMemExpandingEIP150Calls/CallAskMoreGasOnDepth2ThenTransactionHasWithMemExpandingCalls, fork: Berlin, TrInfo: d: 0, g: 0, v: 0, TrData: ` 0x..`)[0m
info:[33m (stMemExpandingEIP150Calls/CallGoesOOGOnSecondLevel2WithMemExpandingCalls, fork: Berlin, TrInfo: d: 0, g: 0, v: 0, TrData: ` 0x..`)[0m
info:[33m (stMemExpandingEIP150Calls/CallGoesOOGOnSecondLevelWithMemExpandingCalls, step: GeneralStateTest)[0m
info:[33m (stMemExpandingEIP150Calls/CreateAndGasInsideCreateWithMemExpandingCalls, fork: Berlin, TrInfo: d: 0, g: 0, v: 0, TrData: ` 0x..`)[0m
info:[33m (stMemExpandingEIP150Calls/DelegateCallOnEIPWithMemExpandingCalls, fork: Berlin, TrInfo: d: 0, g: 0, v: 0, TrData: ` 0x..`)[0m
info:[33m (stMemExpandingEIP150Calls/ExecuteCallThatAskMoreGasThenTransactionHasWithMemExpandingCalls, fork: Berlin, TrInfo: d: 0, g: 0, v: 0, TrData: ` 0x..`)[0m
info:[33m (stMemExpandingEIP150Calls/NewGasPriceForCodesWithMemExpandingCalls, step: GeneralStateTest)[0m
info:[33m (stMemExpandingEIP150Calls/OOGinReturn, fork: Berlin, TrInfo: d: 0, g: 0, v: 0, TrData: ` 0x1a8451..`)[0m
Running 1 test case...
Running tests using path: /tests
Skipping stTimeConsuming because --all option is not specified.

*** No errors detected
[0;31m*** Total Tests Run: 0
[0m
Timeout when executing GeneralStateTests/stCodeSizeLimit
Running 1 test case...
Running tests using path: /tests
Active client configurations: 'local '
Running tests for config 'Ethereum GO on StateTool (local)' 2
/tests/bin/evm: error while loading shared libraries: /lib/x86_64-linux-gnu/libpthread.so.0: cannot read file data: Error 11
Timeout when executing GeneralStateTests/stReturnDataTest
Running 1 test case...
Running tests using path: /tests
Active client configurations: 'local '
Running tests for config 'Ethereum GO on StateTool (local)' 2
ERROR(10): Failed unmarshaling alloc-file: read /tmp/3b614137-5809-4c23-b93b-438f1eee092f/alloc.json: resource temporarily unavailable
ERROR(10): Failed unmarshaling txs-file: read /tmp/3b614137-5809-4c23-b93b-438f1eee092f/txs.json: resource temporarily unavailable
/tests/bin/evm: error while loading shared libraries: /lib/x86_64-linux-gnu/librt.so.1: cannot read file data: Error 11
/tests/bin/evm: error while loading shared libraries: /lib/x86_64-linux-gnu/libc.so.6: cannot read file data: Error 11
Timeout when executing GeneralStateTests/stTransactionTest
Running 1 test case...
Running tests using path: /tests
Active client configurations: 'local '
Running tests for config 'Ethereum GO on StateTool (local)' 2
/tests/bin/evm: error while loading shared libraries: /lib/x86_64-linux-gnu/librt.so.1: cannot read file data: Error 11
/tests/bin/evm: error while loading shared libraries: /lib/x86_64-linux-gnu/libpthread.so.0: cannot read file data: Error 11
/tests/bin/evm: error while loading shared libraries: /lib/x86_64-linux-gnu/libm.so.6: cannot read file data: Error 11
ERROR(10): Failed unmarshaling alloc-file: read /tmp/6113beb5-28db-4966-af5d-0c896c27d7f1/alloc.json: resource temporarily unavailable
/tests/bin/evm: error while loading shared libraries: /lib/x86_64-linux-gnu/librt.so.1: cannot read file data: Error 11
/tests/bin/evm: error while loading shared libraries: /lib/x86_64-linux-gnu/libm.so.6: cannot read file data: Error 11
Timeout when executing GeneralStateTests/stStackTests
Running 1 test case...
Running tests using path: /tests
Active client configurations: 'local '
Running tests for config 'Ethereum GO on StateTool (local)' 2
/tests/bin/evm: error while loading shared libraries: /lib/x86_64-linux-gnu/libpthread.so.0: cannot read file data: Error 11
ERROR(10): Failed unmarshaling txs-file: read /tmp/17503cf7-0c79-4d45-9b9a-d2d419151321/txs.json: resource temporarily unavailable
ERROR(10): Failed unmarshaling env-file: read /tmp/17503cf7-0c79-4d45-9b9a-d2d419151321/env.json: resource temporarily unavailable
/tests/bin/evm: error while loading shared libraries: /lib/x86_64-linux-gnu/libc.so.6: cannot read file data: Error 11
/tests/bin/evm: error while loading shared libraries: /lib/x86_64-linux-gnu/libpthread.so.0: cannot read file data: Error 11
Timeout when executing GeneralStateTests/stCreate2
Running 1 test case...
Running tests using path: /tests
Active client configurations: 'local '
Running tests for config 'Ethereum GO on StateTool (local)' 2
ERROR(10): Failed unmarshaling alloc-file: read /tmp/ca8bc83b-1b31-401d-b352-2c0e904c2c46/alloc.json: resource temporarily unavailable
/tests/bin/evm: error while loading shared libraries: /lib/x86_64-linux-gnu/libc.so.6: cannot read file data: Error 11
/tests/bin/evm: error while loading shared libraries: /lib/x86_64-linux-gnu/libc.so.6: cannot read file data: Error 11
ERROR(10): Failed unmarshaling txs-file: read /tmp/ca8bc83b-1b31-401d-b352-2c0e904c2c46/txs.json: resource temporarily unavailable
Timeout when executing GeneralStateTests/stRandom
Running 1 test case...
Running tests using path: /tests
Active client configurations: 'local '
Running tests for config 'Ethereum GO on StateTool (local)' 2
ERROR(10): Failed unmarshaling env-file: read /tmp/e5a34aea-e99c-4aa4-a220-f975bff56004/env.json: resource temporarily unavailable
/tests/bin/evm: error while loading shared libraries: /lib/x86_64-linux-gnu/librt.so.1: cannot read file data: Error 11
/tests/bin/evm: error while loading shared libraries: /lib/x86_64-linux-gnu/libm.so.6: cannot read file data: Error 11
/tests/bin/evm: error while loading shared libraries: /lib/x86_64-linux-gnu/libm.so.6: cannot read file data: Error 11
/tests/bin/evm: error while loading shared libraries: /lib/x86_64-linux-gnu/libpthread.so.0: cannot read file data: Error 11
ERROR(10): Failed unmarshaling alloc-file: read /tmp/e5a34aea-e99c-4aa4-a220-f975bff56004/alloc.json: resource temporarily unavailable
ERROR(10): Failed unmarshaling alloc-file: read /tmp/e5a34aea-e99c-4aa4-a220-f975bff56004/alloc.json: resource temporarily unavailable
/tests/bin/evm: error while loading shared libraries: /lib/x86_64-linux-gnu/libm.so.6: cannot read file data: Error 11
/tests/bin/evm: error while loading shared libraries: /lib/x86_64-linux-gnu/libpthread.so.0: cannot read file data: Error 11
/tests/bin/evm: error while loading shared libraries: /lib/x86_64-linux-gnu/libm.so.6: cannot read file data: Error 11
/tests/bin/evm: error while loading shared libraries: /lib/x86_64-linux-gnu/libm.so.6: cannot read file data: Error 11
/tests/bin/evm: error while loading shared libraries: /lib/x86_64-linux-gnu/libpthread.so.0: cannot read file data: Error 11
/tests/bin/evm: error while loading shared libraries: /lib/x86_64-linux-gnu/libpthread.so.0: cannot read file data: Error 11
/tests/bin/evm: error while loading shared libraries: /lib/x86_64-linux-gnu/libm.so.6: cannot read file data: Error 11
/tests/bin/evm: error while loading shared libraries: /lib/x86_64-linux-gnu/libm.so.6: cannot read file data: Error 11
ERROR(10): Failed unmarshaling alloc-file: read /tmp/e5a34aea-e99c-4aa4-a220-f975bff56004/alloc.json: resource temporarily unavailable
/tests/bin/evm: error while loading shared libraries: /lib/x86_64-linux-gnu/librt.so.1: cannot read file data: Error 11
Timeout when executing GeneralStateTests/stSolidityTest
Running 1 test case...
Running tests using path: /tests
Active client configurations: 'local '
Running tests for config 'Ethereum GO on StateTool (local)' 2
/tests/bin/evm: error while loading shared libraries: /lib/x86_64-linux-gnu/libm.so.6: cannot read file data: Error 11
/tests/bin/evm: error while loading shared libraries: /lib/x86_64-linux-gnu/librt.so.1: cannot read file data: Error 11
/tests/bin/evm: error while loading shared libraries: /lib/x86_64-linux-gnu/librt.so.1: cannot read file data: Error 11
Running 1 test case...
Running tests using path: /tests
Active client configurations: 'local '
Running tests for config 'Ethereum GO on StateTool (local)' 2
/tests/bin/evm: error while loading shared libraries: /lib/x86_64-linux-gnu/libm.so.6: cannot read file data: Error 11
/tests/bin/evm: error while loading shared libraries: /lib/x86_64-linux-gnu/libpthread.so.0: cannot read file data: Error 11
/tests/bin/evm: error while loading shared libraries: /lib/x86_64-linux-gnu/libpthread.so.0: cannot read file data: Error 11
ERROR(10): Failed unmarshaling txs-file: read /tmp/56a6874e-f266-40b2-9e85-839582650bae/txs.json: resource temporarily unavailable
/tests/bin/evm: error while loading shared libraries: /lib/x86_64-linux-gnu/libm.so.6: cannot read file data: Error 11
/tests/bin/evm: error while loading shared libraries: /lib/x86_64-linux-gnu/librt.so.1: cannot read file data: Error 11
/tests/bin/evm: error while loading shared libraries: /lib/x86_64-linux-gnu/librt.so.1: cannot read file data: Error 11
/tests/bin/evm: error while loading shared libraries: /lib/x86_64-linux-gnu/librt.so.1: cannot read file data: Error 11
/tests/bin/evm: error while loading shared libraries: /lib/x86_64-linux-gnu/librt.so.1: cannot read file data: Error 11
ERROR(10): Failed unmarshaling alloc-file: read /tmp/56a6874e-f266-40b2-9e85-839582650bae/alloc.json: resource temporarily unavailable
/tests/bin/evm: error while loading shared libraries: /lib/x86_64-linux-gnu/libm.so.6: cannot read file data: Error 11
/tests/bin/evm: error while loading shared libraries: /lib/x86_64-linux-gnu/libpthread.so.0: cannot read file data: Error 11
/tests/bin/evm: error while loading shared libraries: /lib/x86_64-linux-gnu/libm.so.6: cannot read file data: Error 11
[0;31mError: The command '/tests/config/local/start.sh --input.alloc /tmp/56a6874e-f266-40b2-9e85-839582650bae/alloc.json --input.txs /tmp/56a6874e-f266-40b2-9e85-839582650bae/txs.json --input.env /tmp/56a6874e-f266-40b2-9e85-839582650bae/env.json --state.fork YOLOv3 --output.basedir /tmp/56a6874e-f266-40b2-9e85-839582650bae --output.result out.json --output.alloc outAlloc.json' exited with 32512 code.[33m (stStaticFlagEnabled/CallWithNOTZeroValueToPrecompileFromTransaction, step: GeneralStateTest)[0m[0m
[0;31mError: The command '/tests/config/local/start.sh --input.alloc /tmp/56a6874e-f266-40b2-9e85-839582650bae/alloc.json --input.txs /tmp/56a6874e-f266-40b2-9e85-839582650bae/txs.json --input.env /tmp/56a6874e-f266-40b2-9e85-839582650bae/env.json --state.fork Istanbul --output.basedir /tmp/56a6874e-f266-40b2-9e85-839582650bae --output.result out.json --output.alloc outAlloc.json' exited with 32512 code.[33m (stStaticFlagEnabled/CallcodeToPrecompileFromCalledContract, fork: Berlin, TrInfo: d: 0, g: 0, v: 0, TrData: ` 0x..`)[0m[0m
[0;31mError: The command '/tests/config/local/start.sh --input.alloc /tmp/56a6874e-f266-40b2-9e85-839582650bae/alloc.json --input.txs /tmp/56a6874e-f266-40b2-9e85-839582650bae/txs.json --input.env /tmp/56a6874e-f266-40b2-9e85-839582650bae/env.json --state.fork YOLOv3 --output.basedir /tmp/56a6874e-f266-40b2-9e85-839582650bae --output.result out.json --output.alloc outAlloc.json' exited with 32512 code.[33m (stStaticFlagEnabled/DelegatecallToPrecompileFromTransaction, step: GeneralStateTest)[0m[0m
[0;31mError: The command '/tests/config/local/start.sh --input.alloc /tmp/56a6874e-f266-40b2-9e85-839582650bae/alloc.json --input.txs /tmp/56a6874e-f266-40b2-9e85-839582650bae/txs.json --input.env /tmp/56a6874e-f266-40b2-9e85-839582650bae/env.json --state.fork YOLOv3 --output.basedir /tmp/56a6874e-f266-40b2-9e85-839582650bae --output.result out.json --output.alloc outAlloc.json' exited with 2560 code.[33m (stStaticFlagEnabled/CallWithZeroValueToPrecompileFromTransaction, step: GeneralStateTest)[0m[0m
Test Case "stStaticFlagEnabled": 
23%...
46%...
69%...
92%...
100%
/retesteth/retesteth/TestOutputHelper.cpp(208): error: in "GeneralStateTests/stStaticFlagEnabled": 
[0;31mError: The command '/tests/config/local/start.sh --input.alloc /tmp/56a6874e-f266-40b2-9e85-839582650bae/alloc.json --input.txs /tmp/56a6874e-f266-40b2-9e85-839582650bae/txs.json --input.env /tmp/56a6874e-f266-40b2-9e85-839582650bae/env.json --state.fork YOLOv3 --output.basedir /tmp/56a6874e-f266-40b2-9e85-839582650bae --output.result out.json --output.alloc outAlloc.json' exited with 32512 code.[33m (stStaticFlagEnabled/CallWithNOTZeroValueToPrecompileFromCalledContract, fork: Berlin, TrInfo: d: 0, g: 0, v: 0, TrData: ` 0x000000..`)[0m[0m
[0;31mError: The command '/tests/config/local/start.sh --input.alloc /tmp/56a6874e-f266-40b2-9e85-839582650bae/alloc.json --input.txs /tmp/56a6874e-f266-40b2-9e85-839582650bae/txs.json --input.env /tmp/56a6874e-f266-40b2-9e85-839582650bae/env.json --state.fork YOLOv3 --output.basedir /tmp/56a6874e-f266-40b2-9e85-839582650bae --output.result out.json --output.alloc outAlloc.json' exited with 32512 code.[33m (stStaticFlagEnabled/CallWithNOTZeroValueToPrecompileFromCalledContract, fork: Berlin, TrInfo: d: 0, g: 0, v: 0, TrData: ` 0x000000..`)[0m[0m
[0;31mError: The command '/tests/config/local/start.sh --input.alloc /tmp/56a6874e-f266-40b2-9e85-839582650bae/alloc.json --input.txs /tmp/56a6874e-f266-40b2-9e85-839582650bae/txs.json --input.env /tmp/56a6874e-f266-40b2-9e85-839582650bae/env.json --state.fork Istanbul --output.basedir /tmp/56a6874e-f266-40b2-9e85-839582650bae --output.result out.json --output.alloc outAlloc.json' exited with 32512 code.[33m (stStaticFlagEnabled/CallcodeToPrecompileFromContractInitialization, fork: Istanbul, TrInfo: d: 0, g: 0, v: 0, TrData: ` 0x7ffeed..`)[0m[0m
[0;31mError: The command '/tests/config/local/start.sh --input.alloc /tmp/56a6874e-f266-40b2-9e85-839582650bae/alloc.json --input.txs /tmp/56a6874e-f266-40b2-9e85-839582650bae/txs.json --input.env /tmp/56a6874e-f266-40b2-9e85-839582650bae/env.json --state.fork Istanbul --output.basedir /tmp/56a6874e-f266-40b2-9e85-839582650bae --output.result out.json --output.alloc outAlloc.json' exited with 32512 code.[33m (stStaticFlagEnabled/CallcodeToPrecompileFromContractInitialization, fork: Istanbul, TrInfo: d: 0, g: 0, v: 0, TrData: ` 0x7ffeed..`)[0m[0m
[0;31mError: The command '/tests/config/local/start.sh --input.alloc /tmp/56a6874e-f266-40b2-9e85-839582650bae/alloc.json --input.txs /tmp/56a6874e-f266-40b2-9e85-839582650bae/txs.json --input.env /tmp/56a6874e-f266-40b2-9e85-839582650bae/env.json --state.fork YOLOv3 --output.basedir /tmp/56a6874e-f266-40b2-9e85-839582650bae --output.result out.json --output.alloc outAlloc.json' exited with 32512 code.[33m (stStaticFlagEnabled/DelegatecallToPrecompileFromCalledContract, step: GeneralStateTest)[0m[0m
[0;31mError: The command '/tests/config/local/start.sh --input.alloc /tmp/56a6874e-f266-40b2-9e85-839582650bae/alloc.json --input.txs /tmp/56a6874e-f266-40b2-9e85-839582650bae/txs.json --input.env /tmp/56a6874e-f266-40b2-9e85-839582650bae/env.json --state.fork YOLOv3 --output.basedir /tmp/56a6874e-f266-40b2-9e85-839582650bae --output.result out.json --output.alloc outAlloc.json' exited with 32512 code.[33m (stStaticFlagEnabled/CallWithZeroValueToPrecompileFromContractInitialization, step: GeneralStateTest)[0m[0m
[0;31mError: The command '/tests/config/local/start.sh --input.alloc /tmp/56a6874e-f266-40b2-9e85-839582650bae/alloc.json --input.txs /tmp/56a6874e-f266-40b2-9e85-839582650bae/txs.json --input.env /tmp/56a6874e-f266-40b2-9e85-839582650bae/env.json --state.fork YOLOv3 --output.basedir /tmp/56a6874e-f266-40b2-9e85-839582650bae --output.result out.json --output.alloc outAlloc.json' exited with 32512 code.[33m (stStaticFlagEnabled/CallWithNOTZeroValueToPrecompileFromContractInitialization, step: GeneralStateTest)[0m[0m
[0;31mError: The command '/tests/config/local/start.sh --input.alloc /tmp/56a6874e-f266-40b2-9e85-839582650bae/alloc.json --input.txs /tmp/56a6874e-f266-40b2-9e85-839582650bae/txs.json --input.env /tmp/56a6874e-f266-40b2-9e85-839582650bae/env.json --state.fork YOLOv3 --output.basedir /tmp/56a6874e-f266-40b2-9e85-839582650bae --output.result out.json --output.alloc outAlloc.json' exited with 2560 code.[33m (stStaticFlagEnabled/CallcodeToPrecompileFromTransaction, step: GeneralStateTest)[0m[0m
[0;31mError: The command '/tests/config/local/start.sh --input.alloc /tmp/56a6874e-f266-40b2-9e85-839582650bae/alloc.json --input.txs /tmp/56a6874e-f266-40b2-9e85-839582650bae/txs.json --input.env /tmp/56a6874e-f266-40b2-9e85-839582650bae/env.json --state.fork YOLOv3 --output.basedir /tmp/56a6874e-f266-40b2-9e85-839582650bae --output.result out.json --output.alloc outAlloc.json' exited with 32512 code.[33m (stStaticFlagEnabled/DelegatecallToPrecompileFromContractInitialization, step: GeneralStateTest)[0m[0m
[0;31mError: The command '/tests/config/local/start.sh --input.alloc /tmp/56a6874e-f266-40b2-9e85-839582650bae/alloc.json --input.txs /tmp/56a6874e-f266-40b2-9e85-839582650bae/txs.json --input.env /tmp/56a6874e-f266-40b2-9e85-839582650bae/env.json --state.fork YOLOv3 --output.basedir /tmp/56a6874e-f266-40b2-9e85-839582650bae --output.result out.json --output.alloc outAlloc.json' exited with 32512 code.[33m (stStaticFlagEnabled/CallWithZeroValueToPrecompileFromCalledContract, step: GeneralStateTest)[0m[0m
[0;31mError: The command '/tests/config/local/start.sh --input.alloc /tmp/56a6874e-f266-40b2-9e85-839582650bae/alloc.json --input.txs /tmp/56a6874e-f266-40b2-9e85-839582650bae/txs.json --input.env /tmp/56a6874e-f266-40b2-9e85-839582650bae/env.json --state.fork YOLOv3 --output.basedir /tmp/56a6874e-f266-40b2-9e85-839582650bae --output.result out.json --output.alloc outAlloc.json' exited with 32512 code.[33m (stStaticFlagEnabled/StaticcallForPrecompilesIssue683, step: GeneralStateTest)[0m[0m
[0;31m
--------[0m
[0;31mTestOutputHelper detected 15 errors during test execution![0m

*** 1 failure is detected in the test module "Master Test Suite"
[0;31m*** Total Tests Run: 0
[0m
[0;31m
--------[0m
[0;31m*** TOTAL ERRORS DETECTED: 15 errors during all test execution![0m
[0;31m--------[0m
info:[33m (stStaticFlagEnabled/CallWithNOTZeroValueToPrecompileFromCalledContract, fork: Berlin, TrInfo: d: 0, g: 0, v: 0, TrData: ` 0x000000..`)[0m
info:[33m (stStaticFlagEnabled/CallWithNOTZeroValueToPrecompileFromContractInitialization, step: GeneralStateTest)[0m
info:[33m (stStaticFlagEnabled/CallWithNOTZeroValueToPrecompileFromTransaction, step: GeneralStateTest)[0m
info:[33m (stStaticFlagEnabled/CallWithZeroValueToPrecompileFromCalledContract, step: GeneralStateTest)[0m
info:[33m (stStaticFlagEnabled/CallWithZeroValueToPrecompileFromContractInitialization, step: GeneralStateTest)[0m
info:[33m (stStaticFlagEnabled/CallWithZeroValueToPrecompileFromTransaction, step: GeneralStateTest)[0m
info:[33m (stStaticFlagEnabled/CallcodeToPrecompileFromCalledContract, fork: Berlin, TrInfo: d: 0, g: 0, v: 0, TrData: ` 0x..`)[0m
info:[33m (stStaticFlagEnabled/CallcodeToPrecompileFromContractInitialization, fork: Istanbul, TrInfo: d: 0, g: 0, v: 0, TrData: ` 0x7ffeed..`)[0m
info:[33m (stStaticFlagEnabled/CallcodeToPrecompileFromTransaction, step: GeneralStateTest)[0m
info:[33m (stStaticFlagEnabled/DelegatecallToPrecompileFromCalledContract, step: GeneralStateTest)[0m
info:[33m (stStaticFlagEnabled/DelegatecallToPrecompileFromContractInitialization, step: GeneralStateTest)[0m
info:[33m (stStaticFlagEnabled/DelegatecallToPrecompileFromTransaction, step: GeneralStateTest)[0m
info:[33m (stStaticFlagEnabled/StaticcallForPrecompilesIssue683, step: GeneralStateTest)[0m
Timeout when executing GeneralStateTests/stSelfBalance
Running 1 test case...
Running tests using path: /tests
Active client configurations: 'local '
Running tests for config 'Ethereum GO on StateTool (local)' 2
/tests/bin/evm: error while loading shared libraries: /lib/x86_64-linux-gnu/libm.so.6: cannot read file data: Error 11
/tests/bin/evm: error while loading shared libraries: /lib/x86_64-linux-gnu/libm.so.6: cannot read file data: Error 11
/tests/bin/evm: error while loading shared libraries: /lib/x86_64-linux-gnu/libc.so.6: cannot read file data: Error 11
ERROR(10): Failed unmarshaling env-file: read /tmp/f220db4c-6a29-4bfb-9d55-4fbb7e693eaf/env.json: resource temporarily unavailable
Timeout when executing GeneralStateTests/stEIP150Specific
Running 1 test case...
Running tests using path: /tests
Active client configurations: 'local '
Running tests for config 'Ethereum GO on StateTool (local)' 2
ERROR(10): Failed unmarshaling txs-file: read /tmp/063f7f52-8510-48ab-8e6e-f616e9a6dab4/txs.json: resource temporarily unavailable
Timeout when executing GeneralStateTests/stPreCompiledContracts
Running 1 test case...
Running tests using path: /tests
Active client configurations: 'local '
Running tests for config 'Ethereum GO on StateTool (local)' 2
/tests/bin/evm: error while loading shared libraries: /lib/x86_64-linux-gnu/libm.so.6: cannot read file data: Error 11
Running 1 test case...
Running tests using path: /tests
Skipping stQuadraticComplexityTest because --all option is not specified.

*** No errors detected
[0;31m*** Total Tests Run: 0
[0m
Timeout when executing GeneralStateTests/stPreCompiledContracts2
Running 1 test case...
Running tests using path: /tests
Active client configurations: 'local '
Running tests for config 'Ethereum GO on StateTool (local)' 2
/tests/bin/evm: error while loading shared libraries: /lib/x86_64-linux-gnu/libpthread.so.0: cannot read file data: Error 11
/tests/bin/evm: error while loading shared libraries: /lib/x86_64-linux-gnu/libm.so.6: cannot read file data: Error 11
ERROR(10): Failed unmarshaling alloc-file: read /tmp/aad7c566-f90c-40af-958c-1bca1aeb6e9b/alloc.json: resource temporarily unavailable
ERROR(10): Failed unmarshaling txs-file: read /tmp/aad7c566-f90c-40af-958c-1bca1aeb6e9b/txs.json: resource temporarily unavailable
/tests/bin/evm: error while loading shared libraries: /lib/x86_64-linux-gnu/libc.so.6: cannot read file data: Error 11
Running 1 test case...
Running tests using path: /tests
Active client configurations: 'local '
Running tests for config 'Ethereum GO on StateTool (local)' 2
/tests/bin/evm: error while loading shared libraries: /lib/x86_64-linux-gnu/libpthread.so.0: cannot read file data: Error 11
Test Case "stSLoadTest": 
100%
[0;31mError: The command '/tests/config/local/start.sh --input.alloc /tmp/75b14a6d-39a4-4fa6-85a2-54023c1aca68/alloc.json --input.txs /tmp/75b14a6d-39a4-4fa6-85a2-54023c1aca68/txs.json --input.env /tmp/75b14a6d-39a4-4fa6-85a2-54023c1aca68/env.json --state.fork YOLOv3 --output.basedir /tmp/75b14a6d-39a4-4fa6-85a2-54023c1aca68 --output.result out.json --output.alloc outAlloc.json' exited with 32512 code.[33m (stSLoadTest/sloadGasCost, step: GeneralStateTest)[0m[0m
[0;31m
--------[0m
[0;31mTestOutputHelper detected 1 errors during test execution![0m/retesteth/retesteth/TestOutputHelper.cpp(208): error: in "GeneralStateTests/stSLoadTest": 


*** 1 failure is detected in the test module "Master Test Suite"
[0;31m*** Total Tests Run: 0
[0m
[0;31m
--------[0m
[0;31m*** TOTAL ERRORS DETECTED: 1 errors during all test execution![0m
[0;31m--------[0m
info:[33m (stSLoadTest/sloadGasCost, step: GeneralStateTest)[0m
Running 1 test case...
Running tests using path: /tests
Active client configurations: 'local '
Running tests for config 'Ethereum GO on StateTool (local)' 2
/tests/bin/evm: error while loading shared libraries: /lib/x86_64-linux-gnu/libpthread.so.0: cannot read file data: Error 11
/tests/bin/evm: error while loading shared libraries: /lib/x86_64-linux-gnu/libpthread.so.0: cannot read file data: Error 11
[0;31mError: The command '/tests/config/local/start.sh --input.alloc /tmp/fe49ca56-f4d9-4f21-b11b-0e1231a01d4f/alloc.json --input.txs /tmp/fe49ca56-f4d9-4f21-b11b-0e1231a01d4f/txs.json --input.env /tmp/fe49ca56-f4d9-4f21-b11b-0e1231a01d4f/env.json --state.fork YOLOv3 --output.basedir /tmp/fe49ca56-f4d9-4f21-b11b-0e1231a01d4f --output.result out.json --output.alloc outAlloc.json' exited with 32512 code.[33m (stRecursiveCreate/recursiveCreate, step: GeneralStateTest)[0m[0m
[0;31mError: The command '/tests/config/local/start.sh --input.alloc /tmp/fe49ca56-f4d9-4f21-b11b-0e1231a01d4f/alloc.json --input.txs /tmp/fe49ca56-f4d9-4f21-b11b-0e1231a01d4f/txs.json --input.env /tmp/fe49ca56-f4d9-4f21-b11b-0e1231a01d4f/env.json --state.fork YOLOv3 --output.basedir /tmp/fe49ca56-f4d9-4f21-b11b-0e1231a01d4f --output.result out.json --output.alloc outAlloc.json' exited with 32512 code.[33m (stRecursiveCreate/recursiveCreateReturnValue, step: GeneralStateTest)[0m[0m
[0;31m
--------[0m
[0;31mTestOutputHelper detected 2 errors during test execution![0m
Test Case "stRecursiveCreate": 
50%...
100%
/retesteth/retesteth/TestOutputHelper.cpp(208): error: in "GeneralStateTests/stRecursiveCreate": 

*** 1 failure is detected in the test module "Master Test Suite"
info:[33m (stRecursiveCreate/recursiveCreate, step: GeneralStateTest)[0m
info:[33m (stRecursiveCreate/recursiveCreateReturnValue, step: GeneralStateTest)[0m
[0;31m*** Total Tests Run: 0
[0m
[0;31m
--------[0m
[0;31m*** TOTAL ERRORS DETECTED: 2 errors during all test execution![0m
[0;31m--------[0m
Timeout when executing GeneralStateTests/stMemoryTest
Running 1 test case...
Running tests using path: /tests
Active client configurations: 'local '
Running tests for config 'Ethereum GO on StateTool (local)' 2
/tests/bin/evm: error while loading shared libraries: /lib/x86_64-linux-gnu/libpthread.so.0: cannot read file data: Error 11
ERROR(10): Failed unmarshaling env-file: read /tmp/87cd69c6-3e8c-4553-a896-75ff01138edb/env.json: resource temporarily unavailable
/tests/bin/evm: error while loading shared libraries: /lib/x86_64-linux-gnu/libc.so.6: cannot read file data: Error 11
Timeout when executing GeneralStateTests/stCreateTest
Running 1 test case...
Running tests using path: /tests
Active client configurations: 'local '
Running tests for config 'Ethereum GO on StateTool (local)' 2
/tests/bin/evm: error while loading shared libraries: /lib/x86_64-linux-gnu/libpthread.so.0: cannot read file data: Error 11
ERROR(10): Failed unmarshaling env-file: read /tmp/10e0086b-c92a-448d-8767-b5c6e1b67600/env.json: resource temporarily unavailable
/tests/bin/evm: error while loading shared libraries: /lib/x86_64-linux-gnu/libpthread.so.0: cannot read file data: Error 11
ERROR(10): Failed unmarshaling txs-file: read /tmp/10e0086b-c92a-448d-8767-b5c6e1b67600/txs.json: resource temporarily unavailable
/tests/bin/evm: error while loading shared libraries: /lib/x86_64-linux-gnu/libm.so.6: cannot read file data: Error 11
Timeout when executing GeneralStateTests/stExtCodeHash
Running 1 test case...
Running tests using path: /tests
Active client configurations: 'local '
Running tests for config 'Ethereum GO on StateTool (local)' 2
/tests/bin/evm: error while loading shared libraries: /lib/x86_64-linux-gnu/libm.so.6: cannot read file data: Error 11
/tests/bin/evm: error while loading shared libraries: /lib/x86_64-linux-gnu/libm.so.6: cannot read file data: Error 11
/tests/bin/evm: error while loading shared libraries: /lib/x86_64-linux-gnu/libc.so.6: cannot read file data: Error 11
/tests/bin/evm: error while loading shared libraries: /lib/x86_64-linux-gnu/libpthread.so.0: cannot read file data: Error 11
/tests/bin/evm: error while loading shared libraries: /lib/x86_64-linux-gnu/libpthread.so.0: cannot read file data: Error 11
/tests/bin/evm: error while loading shared libraries: /lib/x86_64-linux-gnu/libm.so.6: cannot read file data: Error 11
/tests/bin/evm: error while loading shared libraries: /lib/x86_64-linux-gnu/librt.so.1: cannot read file data: Error 11
ERROR(10): Failed unmarshaling alloc-file: read /tmp/174721b7-a3a4-4c10-91c3-6ab057b3a7b9/alloc.json: resource temporarily unavailable
ERROR(10): Failed unmarshaling txs-file: read /tmp/174721b7-a3a4-4c10-91c3-6ab057b3a7b9/txs.json: resource temporarily unavailable
/tests/bin/evm: error while loading shared libraries: /lib/x86_64-linux-gnu/librt.so.1: cannot read file data: Error 11
/tests/bin/evm: error while loading shared libraries: /lib/x86_64-linux-gnu/libc.so.6: cannot read file data: Error 11
/tests/bin/evm: error while loading shared libraries: /lib/x86_64-linux-gnu/libm.so.6: cannot read file data: Error 11
/tests/bin/evm: error while loading shared libraries: /lib/x86_64-linux-gnu/libpthread.so.0: cannot read file data: Error 11
/tests/bin/evm: error while loading shared libraries: /lib/x86_64-linux-gnu/libpthread.so.0: cannot read file data: Error 11
/tests/bin/evm: error while loading shared libraries: /lib/x86_64-linux-gnu/libpthread.so.0: cannot read file data: Error 11
ERROR(10): Failed unmarshaling alloc-file: read /tmp/174721b7-a3a4-4c10-91c3-6ab057b3a7b9/alloc.json: resource temporarily unavailable
/tests/bin/evm: error while loading shared libraries: /lib/x86_64-linux-gnu/libc.so.6: cannot read file data: Error 11
/tests/bin/evm: error while loading shared libraries: /lib/x86_64-linux-gnu/librt.so.1: cannot read file data: Error 11
ERROR(10): Failed unmarshaling alloc-file: read /tmp/174721b7-a3a4-4c10-91c3-6ab057b3a7b9/alloc.json: resource temporarily unavailable
ERROR(10): Failed unmarshaling alloc-file: read /tmp/174721b7-a3a4-4c10-91c3-6ab057b3a7b9/alloc.json: resource temporarily unavailable
/tests/bin/evm: error while loading shared libraries: /lib/x86_64-linux-gnu/libpthread.so.0: cannot read file data: Error 11
Timeout when executing GeneralStateTests/stRevertTest
Running 1 test case...
Running tests using path: /tests
Active client configurations: 'local '
Running tests for config 'Ethereum GO on StateTool (local)' 2
ERROR(10): Failed unmarshaling alloc-file: read /tmp/02604f4e-e6cb-47fc-b08b-e707640c7083/alloc.json: resource temporarily unavailable
Timeout when executing GeneralStateTests/VMTests
Running 12 test cases...
Running tests using path: /tests
Active client configurations: 'local '
Running tests for config 'Ethereum GO on StateTool (local)' 2
ERROR(10): Failed unmarshaling txs-file: read /tmp/07b75e50-c97f-4132-a475-e3b910eb8eec/txs.json: resource temporarily unavailable
/tests/bin/evm: error while loading shared libraries: /lib/x86_64-linux-gnu/librt.so.1: cannot read file data: Error 11
/tests/bin/evm: error while loading shared libraries: /lib/x86_64-linux-gnu/libc.so.6: cannot read file data: Error 11
/tests/bin/evm: error while loading shared libraries: /lib/x86_64-linux-gnu/librt.so.1: cannot read file data: Error 11
/tests/bin/evm: error while loading shared libraries: /lib/x86_64-linux-gnu/libpthread.so.0: cannot read file data: Error 11
ERROR(10): Failed unmarshaling alloc-file: read /tmp/07b75e50-c97f-4132-a475-e3b910eb8eec/alloc.json: resource temporarily unavailable
ERROR(10): Failed unmarshaling alloc-file: read /tmp/07b75e50-c97f-4132-a475-e3b910eb8eec/alloc.json: resource temporarily unavailable
/tests/bin/evm: error while loading shared libraries: /lib/x86_64-linux-gnu/libc.so.6: cannot read file data: Error 11
/tests/bin/evm: error while loading shared libraries: /lib/x86_64-linux-gnu/libm.so.6: cannot read file data: Error 11
ERROR(10): Failed unmarshaling alloc-file: read /tmp/07b75e50-c97f-4132-a475-e3b910eb8eec/alloc.json: resource temporarily unavailable
ERROR(10): Failed unmarshaling txs-file: read /tmp/07b75e50-c97f-4132-a475-e3b910eb8eec/txs.json: resource temporarily unavailable
Running 1 test case...
Running tests using path: /tests
Active client configurations: 'local '
Running tests for config 'Ethereum GO on StateTool (local)' 2
/tests/bin/evm: error while loading shared libraries: /lib/x86_64-linux-gnu/librt.so.1: cannot read file data: Error 11
/tests/bin/evm: error while loading shared libraries: /lib/x86_64-linux-gnu/librt.so.1: cannot read file data: Error 11
ERROR(10): Failed unmarshaling env-file: read /tmp/e9030f91-f18f-46ec-b77d-0338b6463430/env.json: resource temporarily unavailable
ERROR(10): Failed unmarshaling alloc-file: read /tmp/e9030f91-f18f-46ec-b77d-0338b6463430/alloc.json: resource temporarily unavailable
Test Case "stEIP2930": 
25%...
50%...
75%...
100%
/retesteth/retesteth/TestOutputHelper.cpp(208): error: in "GeneralStateTests/stEIP2930": 
[0;31mError: The command '/tests/config/local/start.sh --input.alloc /tmp/e9030f91-f18f-46ec-b77d-0338b6463430/alloc.json --input.txs /tmp/e9030f91-f18f-46ec-b77d-0338b6463430/txs.json --input.env /tmp/e9030f91-f18f-46ec-b77d-0338b6463430/env.json --state.fork YOLOv3 --output.basedir /tmp/e9030f91-f18f-46ec-b77d-0338b6463430 --output.result out.json --output.alloc outAlloc.json' exited with 32512 code.[33m (stEIP2930/variedContext, step: GeneralStateTest)[0m[0m
[0;31mError: The command '/tests/config/local/start.sh --input.alloc /tmp/e9030f91-f18f-46ec-b77d-0338b6463430/alloc.json --input.txs /tmp/e9030f91-f18f-46ec-b77d-0338b6463430/txs.json --input.env /tmp/e9030f91-f18f-46ec-b77d-0338b6463430/env.json --state.fork YOLOv3 --output.basedir /tmp/e9030f91-f18f-46ec-b77d-0338b6463430 --output.result out.json --output.alloc outAlloc.json' exited with 32512 code.[33m (stEIP2930/transactionCosts, step: GeneralStateTest)[0m[0m
[0;31mError: The command '/tests/config/local/start.sh --input.alloc /tmp/e9030f91-f18f-46ec-b77d-0338b6463430/alloc.json --input.txs /tmp/e9030f91-f18f-46ec-b77d-0338b6463430/txs.json --input.env /tmp/e9030f91-f18f-46ec-b77d-0338b6463430/env.json --state.fork YOLOv3 --output.basedir /tmp/e9030f91-f18f-46ec-b77d-0338b6463430 --output.result out.json --output.alloc outAlloc.json' exited with 2560 code.[33m (stEIP2930/addressOpcodes, step: GeneralStateTest)[0m[0m
[0;31mError: The command '/tests/config/local/start.sh --input.alloc /tmp/e9030f91-f18f-46ec-b77d-0338b6463430/alloc.json --input.txs /tmp/e9030f91-f18f-46ec-b77d-0338b6463430/txs.json --input.env /tmp/e9030f91-f18f-46ec-b77d-0338b6463430/env.json --state.fork YOLOv3 --output.basedir /tmp/e9030f91-f18f-46ec-b77d-0338b6463430 --output.result out.json --output.alloc outAlloc.json' exited with 2560 code.[33m (stEIP2930/storageCosts, step: GeneralStateTest)[0m[0m
[0;31m
--------[0m
[0;31mTestOutputHelper detected 4 errors during test execution![0m

*** 1 failure is detected in the test module "Master Test Suite"
[0;31m*** Total Tests Run: 0
[0m
[0;31m
--------[0m
[0;31m*** TOTAL ERRORS DETECTED: 4 errors during all test execution![0m
[0;31m--------[0m
info:[33m (stEIP2930/addressOpcodes, step: GeneralStateTest)[0m
info:[33m (stEIP2930/storageCosts, step: GeneralStateTest)[0m
info:[33m (stEIP2930/transactionCosts, step: GeneralStateTest)[0m
info:[33m (stEIP2930/variedContext, step: GeneralStateTest)[0m
Timeout when executing GeneralStateTests/stBugs
Running 1 test case...
Running tests using path: /tests
Active client configurations: 'local '
Running tests for config 'Ethereum GO on StateTool (local)' 2
/tests/bin/evm: error while loading shared libraries: /lib/x86_64-linux-gnu/librt.so.1: cannot read file data: Error 11
/tests/bin/evm: error while loading shared libraries: /lib/x86_64-linux-gnu/librt.so.1: cannot read file data: Error 11
/tests/bin/evm: error while loading shared libraries: /lib/x86_64-linux-gnu/librt.so.1: cannot read file data: Error 11
Timeout when executing GeneralStateTests/stChainId
Running 1 test case...
Running tests using path: /tests
Active client configurations: 'local '
Running tests for config 'Ethereum GO on StateTool (local)' 2
/tests/bin/evm: error while loading shared libraries: /lib/x86_64-linux-gnu/libpthread.so.0: cannot read file data: Error 11
Timeout when executing GeneralStateTests/stMemoryStressTest
Running 1 test case...
Running tests using path: /tests
Active client configurations: 'local '
Running tests for config 'Ethereum GO on StateTool (local)' 2
/tests/bin/evm: error while loading shared libraries: /lib/x86_64-linux-gnu/libc.so.6: cannot read file data: Error 11
Running 1 test case...
Running tests using path: /tests
Active client configurations: 'local '
Running tests for config 'Ethereum GO on StateTool (local)' 2
ERROR(10): Failed unmarshaling env-file: read /tmp/9c224cb4-ce46-4d93-a253-837a06f46611/env.json: resource temporarily unavailable
/tests/bin/evm: error while loading shared libraries: /lib/x86_64-linux-gnu/libpthread.so.0: cannot read file data: Error 11
ERROR(10): Failed unmarshaling txs-file: read /tmp/9c224cb4-ce46-4d93-a253-837a06f46611/txs.json: resource temporarily unavailable
Test Case "stBadOpcode": 
33%...
66%...
100%
[0;31mError: The command '/tests/config/local/start.sh --input.alloc /tmp/9c224cb4-ce46-4d93-a253-837a06f46611/alloc.json --input.txs /tmp/9c224cb4-ce46-4d93-a253-837a06f46611/txs.json --input.env /tmp/9c224cb4-ce46-4d93-a253-837a06f46611/env.json --state.fork YOLOv3 --output.basedir /tmp/9c224cb4-ce46-4d93-a253-837a06f46611 --output.result out.json --output.alloc outAlloc.json' exited with 2560 code.[33m (stBadOpcode/badOpcodes, fork: Berlin, TrInfo: d: 0, g: 0, v: 0, TrData: ` 0x600160..`)[0m[0m
[0;31mError: The command '/tests/config/local/start.sh --input.alloc /tmp/9c224cb4-ce46-4d93-a253-837a06f46611/alloc.json --input.txs /tmp/9c224cb4-ce46-4d93-a253-837a06f46611/txs.json --input.env /tmp/9c224cb4-ce46-4d93-a253-837a06f46611/env.json --state.fork YOLOv3 --output.basedir /tmp/9c224cb4-ce46-4d93-a253-837a06f46611 --output.result out.json --output.alloc outAlloc.json' exited with 2560 code.[33m (stBadOpcode/badOpcodes, fork: Berlin, TrInfo: d: 0, g: 0, v: 0, TrData: ` 0x600160..`)[0m[0m
[0;31mError: The command '/tests/config/local/start.sh --input.alloc /tmp/9c224cb4-ce46-4d93-a253-837a06f46611/alloc.json --input.txs /tmp/9c224cb4-ce46-4d93-a253-837a06f46611/txs.json --input.env /tmp/9c224cb4-ce46-4d93-a253-837a06f46611/env.json --state.fork YOLOv3 --output.basedir /tmp/9c224cb4-ce46-4d93-a253-837a06f46611 --output.result out.json --output.alloc outAlloc.json' exited with 32512 code.[33m (stBadOpcode/eip2315NotRemoved, fork: Berlin, TrInfo: d: 0, g: 0, v: 0, TrData: ` 0x..`)[0m[0m
[0;31mError: The command '/tests/config/local/start.sh --input.alloc /tmp/9c224cb4-ce46-4d93-a253-837a06f46611/alloc.json --input.txs /tmp/9c224cb4-ce46-4d93-a253-837a06f46611/txs.json --input.env /tmp/9c224cb4-ce46-4d93-a253-837a06f46611/env.json --state.fork YOLOv3 --output.basedir /tmp/9c224cb4-ce46-4d93-a253-837a06f46611 --output.result out.json --output.alloc outAlloc.json' exited with 32512 code.[33m (stBadOpcode/eip2315NotRemoved, fork: Berlin, TrInfo: d: 0, g: 0, v: 0, TrData: ` 0x..`)[0m[0m
[0;31mError: The command '/tests/config/local/start.sh --input.alloc /tmp/9c224cb4-ce46-4d93-a253-837a06f46611/alloc.json --input.txs /tmp/9c224cb4-ce46-4d93-a253-837a06f46611/txs.json --input.env /tmp/9c224cb4-ce46-4d93-a253-837a06f46611/env.json --state.fork YOLOv3 --output.basedir /tmp/9c224cb4-ce46-4d93-a253-837a06f46611 --output.result out.json --output.alloc outAlloc.json' exited with 2560 code.[33m (stBadOpcode/invalidAddr, fork: Berlin, TrInfo: d: 0, g: 0, v: 0, TrData: `:label ok 0x048071..`)[0m[0m
[0;31mError: The command '/tests/config/local/start.sh --input.alloc /tmp/9c224cb4-ce46-4d93-a253-837a06f46611/alloc.json --input.txs /tmp/9c224cb4-ce46-4d93-a253-837a06f46611/txs.json --input.env /tmp/9c224cb4-ce46-4d93-a253-837a06f46611/env.json --state.fork YOLOv3 --output.basedir /tmp/9c224cb4-ce46-4d93-a253-837a06f46611 --output.result out.json --output.alloc outAlloc.json' exited with 2560 code.[33m (stBadOpcode/invalidAddr, fork: Berlin, TrInfo: d: 0, g: 0, v: 0, TrData: `:label ok 0x048071..`)[0m[0m
[0;31m
--------[0m
[0;31mTestOutputHelper detected 6 errors during test execution![0m

*** 1 failure is detected in the test module "Master Test Suite"
/retesteth/retesteth/TestOutputHelper.cpp(208): error: in "GeneralStateTests/stBadOpcode": 
[0;31m*** Total Tests Run: 0
[0m
[0;31m
--------[0m
[0;31m*** TOTAL ERRORS DETECTED: 6 errors during all test execution![0m
[0;31m--------[0m
info:[33m (stBadOpcode/badOpcodes, fork: Berlin, TrInfo: d: 0, g: 0, v: 0, TrData: ` 0x600160..`)[0m
info:[33m (stBadOpcode/eip2315NotRemoved, fork: Berlin, TrInfo: d: 0, g: 0, v: 0, TrData: ` 0x..`)[0m
info:[33m (stBadOpcode/invalidAddr, fork: Berlin, TrInfo: d: 0, g: 0, v: 0, TrData: `:label ok 0x048071..`)[0m
Timeout when executing GeneralStateTests/stCallCreateCallCodeTest
Running 1 test case...
Running tests using path: /tests
Active client configurations: 'local '
Running tests for config 'Ethereum GO on StateTool (local)' 2
ERROR(10): Failed unmarshaling env-file: read /tmp/26fb8e43-ac7c-436e-8727-4dba14ace73c/env.json: resource temporarily unavailable
ERROR(10): Failed unmarshaling env-file: read /tmp/26fb8e43-ac7c-436e-8727-4dba14ace73c/env.json: resource temporarily unavailable
Timeout when executing GeneralStateTests/stArgsZeroOneBalance
Running 1 test case...
Running tests using path: /tests
Active client configurations: 'local '
Running tests for config 'Ethereum GO on StateTool (local)' 2
/tests/bin/evm: error while loading shared libraries: /lib/x86_64-linux-gnu/libpthread.so.0: cannot read file data: Error 11
/tests/bin/evm: error while loading shared libraries: /lib/x86_64-linux-gnu/libc.so.6: cannot read file data: Error 11
/tests/bin/evm: error while loading shared libraries: /lib/x86_64-linux-gnu/libpthread.so.0: cannot read file data: Error 11
/tests/bin/evm: error while loading shared libraries: /lib/x86_64-linux-gnu/libm.so.6: cannot read file data: Error 11
/tests/bin/evm: error while loading shared libraries: /lib/x86_64-linux-gnu/libpthread.so.0: cannot read file data: Error 11
ERROR(10): Failed unmarshaling alloc-file: read /tmp/101b177f-002c-46a1-8482-2da1f0a5cf61/alloc.json: resource temporarily unavailable
/tests/bin/evm: error while loading shared libraries: /lib/x86_64-linux-gnu/librt.so.1: cannot read file data: Error 11
/tests/bin/evm: error while loading shared libraries: /lib/x86_64-linux-gnu/libm.so.6: cannot read file data: Error 11
Timeout when executing GeneralStateTests/stStaticCall
Running 1 test case...
Running tests using path: /tests
Active client configurations: 'local '
Running tests for config 'Ethereum GO on StateTool (local)' 2
ERROR(10): Failed unmarshaling txs-file: read /tmp/c2ecd94a-668f-4cb1-abe5-811a8681df3c/txs.json: resource temporarily unavailable
/tests/bin/evm: error while loading shared libraries: /lib/x86_64-linux-gnu/librt.so.1: cannot read file data: Error 11
ERROR(10): Failed unmarshaling alloc-file: read /tmp/c2ecd94a-668f-4cb1-abe5-811a8681df3c/alloc.json: resource temporarily unavailable
/tests/bin/evm: error while loading shared libraries: /lib/x86_64-linux-gnu/libpthread.so.0: cannot read file data: Error 11
ERROR(10): Failed unmarshaling txs-file: read /tmp/c2ecd94a-668f-4cb1-abe5-811a8681df3c/txs.json: resource temporarily unavailable
ERROR(10): Failed unmarshaling alloc-file: read /tmp/c2ecd94a-668f-4cb1-abe5-811a8681df3c/alloc.json: resource temporarily unavailable
ERROR(10): Failed unmarshaling txs-file: read /tmp/c2ecd94a-668f-4cb1-abe5-811a8681df3c/txs.json: resource temporarily unavailable
/tests/bin/evm: error while loading shared libraries: /lib/x86_64-linux-gnu/libpthread.so.0: cannot read file data: Error 11
ERROR(10): Failed unmarshaling alloc-file: read /tmp/c2ecd94a-668f-4cb1-abe5-811a8681df3c/alloc.json: resource temporarily unavailable
/tests/bin/evm: error while loading shared libraries: /lib/x86_64-linux-gnu/libpthread.so.0: cannot read file data: Error 11
/tests/bin/evm: error while loading shared libraries: /lib/x86_64-linux-gnu/libpthread.so.0: cannot read file data: Error 11
/tests/bin/evm: error while loading shared libraries: /lib/x86_64-linux-gnu/libpthread.so.0: cannot read file data: Error 11
/tests/bin/evm: error while loading shared libraries: /lib/x86_64-linux-gnu/libc.so.6: cannot read file data: Error 11
ERROR(10): Failed unmarshaling env-file: read /tmp/c2ecd94a-668f-4cb1-abe5-811a8681df3c/env.json: resource temporarily unavailable
/tests/bin/evm: error while loading shared libraries: /lib/x86_64-linux-gnu/libc.so.6: cannot read file data: Error 11
ERROR(10): Failed unmarshaling alloc-file: read /tmp/c2ecd94a-668f-4cb1-abe5-811a8681df3c/alloc.json: resource temporarily unavailable
Timeout when executing GeneralStateTests/stWalletTest
Running 1 test case...
Running tests using path: /tests
Active client configurations: 'local '
Running tests for config 'Ethereum GO on StateTool (local)' 2
ERROR(10): Failed unmarshaling alloc-file: read /tmp/b6db3f36-56a6-4b1e-83e0-ab7b7896e622/alloc.json: resource temporarily unavailable
ERROR(10): Failed unmarshaling alloc-file: read /tmp/b6db3f36-56a6-4b1e-83e0-ab7b7896e622/alloc.json: resource temporarily unavailable
/tests/bin/evm: error while loading shared libraries: /lib/x86_64-linux-gnu/libm.so.6: cannot read file data: Error 11
/tests/bin/evm: error while loading shared libraries: /lib/x86_64-linux-gnu/libm.so.6: cannot read file data: Error 11
ERROR(10): Failed unmarshaling alloc-file: read /tmp/b6db3f36-56a6-4b1e-83e0-ab7b7896e622/alloc.json: resource temporarily unavailable
ERROR(10): Failed unmarshaling alloc-file: read /tmp/b6db3f36-56a6-4b1e-83e0-ab7b7896e622/alloc.json: resource temporarily unavailable
/tests/bin/evm: error while loading shared libraries: /lib/x86_64-linux-gnu/libm.so.6: cannot read file data: Error 11
/tests/bin/evm: error while loading shared libraries: /lib/x86_64-linux-gnu/libc.so.6: cannot read file data: Error 11
/tests/bin/evm: error while loading shared libraries: /lib/x86_64-linux-gnu/libc.so.6: cannot read file data: Error 11
/tests/bin/evm: error while loading shared libraries: /lib/x86_64-linux-gnu/libpthread.so.0: cannot read file data: Error 11
/tests/bin/evm: error while loading shared libraries: /lib/x86_64-linux-gnu/libm.so.6: cannot read file data: Error 11
ERROR(10): Failed unmarshaling alloc-file: read /tmp/b6db3f36-56a6-4b1e-83e0-ab7b7896e622/alloc.json: resource temporarily unavailable
/tests/bin/evm: error while loading shared libraries: /lib/x86_64-linux-gnu/libm.so.6: cannot read file data: Error 11
/tests/bin/evm: error while loading shared libraries: /lib/x86_64-linux-gnu/librt.so.1: cannot read file data: Error 11
/tests/bin/evm: error while loading shared libraries: /lib/x86_64-linux-gnu/libpthread.so.0: cannot read file data: Error 11
/tests/bin/evm: error while loading shared libraries: /lib/x86_64-linux-gnu/libm.so.6: cannot read file data: Error 11
/tests/bin/evm: error while loading shared libraries: /lib/x86_64-linux-gnu/libc.so.6: cannot read file data: Error 11
ERROR(10): Failed unmarshaling alloc-file: read /tmp/b6db3f36-56a6-4b1e-83e0-ab7b7896e622/alloc.json: resource temporarily unavailable
/tests/bin/evm: error while loading shared libraries: /lib/x86_64-linux-gnu/libc.so.6: cannot read file data: Error 11
/tests/bin/evm: error while loading shared libraries: /lib/x86_64-linux-gnu/libm.so.6: cannot read file data: Error 11
Timeout when executing GeneralStateTests/stRefundTest
Running 1 test case...
Running tests using path: /tests
Active client configurations: 'local '
Running tests for config 'Ethereum GO on StateTool (local)' 2
Timeout when executing GeneralStateTests/stSystemOperationsTest
Running 1 test case...
Running tests using path: /tests
Active client configurations: 'local '
Running tests for config 'Ethereum GO on StateTool (local)' 2
ERROR(10): Failed unmarshaling env-file: read /tmp/5feaef8b-c665-498e-9962-5907015175ee/env.json: resource temporarily unavailable
ERROR(10): Failed unmarshaling alloc-file: read /tmp/5feaef8b-c665-498e-9962-5907015175ee/alloc.json: resource temporarily unavailable
ERROR(10): Failed unmarshaling alloc-file: read /tmp/5feaef8b-c665-498e-9962-5907015175ee/alloc.json: resource temporarily unavailable
/tests/bin/evm: error while loading shared libraries: /lib/x86_64-linux-gnu/libc.so.6: cannot read file data: Error 11
ERROR(10): Failed unmarshaling txs-file: read /tmp/5feaef8b-c665-498e-9962-5907015175ee/txs.json: resource temporarily unavailable
/tests/bin/evm: error while loading shared libraries: /lib/x86_64-linux-gnu/libpthread.so.0: cannot read file data: Error 11
/tests/bin/evm: error while loading shared libraries: /lib/x86_64-linux-gnu/libpthread.so.0: cannot read file data: Error 11
Timeout when executing GeneralStateTests/stZeroKnowledge
Running 1 test case...
Running tests using path: /tests
Active client configurations: 'local '
Running tests for config 'Ethereum GO on StateTool (local)' 2
ERROR(10): Failed unmarshaling alloc-file: read /tmp/8bf3d0d2-2dd7-4e42-af80-fecedeb79acb/alloc.json: resource temporarily unavailable
/tests/bin/evm: error while loading shared libraries: /lib/x86_64-linux-gnu/libc.so.6: cannot read file data: Error 11
ERROR(10): Failed unmarshaling txs-file: read /tmp/8bf3d0d2-2dd7-4e42-af80-fecedeb79acb/txs.json: resource temporarily unavailable
/tests/bin/evm: error while loading shared libraries: /lib/x86_64-linux-gnu/librt.so.1: cannot read file data: Error 11
/tests/bin/evm: error while loading shared libraries: /lib/x86_64-linux-gnu/libpthread.so.0: cannot read file data: Error 11
Timeout when executing GeneralStateTests/stZeroCallsTest
Running 1 test case...
Running tests using path: /tests
Active client configurations: 'local '
Running tests for config 'Ethereum GO on StateTool (local)' 2
ERROR(10): Failed unmarshaling env-file: read /tmp/0029c8a2-02b8-4b78-8bdc-b26c3be506dc/env.json: resource temporarily unavailable
ERROR(10): Failed unmarshaling txs-file: read /tmp/0029c8a2-02b8-4b78-8bdc-b26c3be506dc/txs.json: resource temporarily unavailable
Timeout when executing GeneralStateTests/stTransitionTest
Running 1 test case...
Running tests using path: /tests
Active client configurations: 'local '
Running tests for config 'Ethereum GO on StateTool (local)' 2
/tests/bin/evm: error while loading shared libraries: /lib/x86_64-linux-gnu/libc.so.6: cannot read file data: Error 11
/tests/bin/evm: error while loading shared libraries: /lib/x86_64-linux-gnu/libc.so.6: cannot read file data: Error 11
/tests/bin/evm: error while loading shared libraries: /lib/x86_64-linux-gnu/libm.so.6: cannot read file data: Error 11
/tests/bin/evm: error while loading shared libraries: /lib/x86_64-linux-gnu/libpthread.so.0: cannot read file data: Error 11
Timeout when executing GeneralStateTests/stZeroKnowledge2
Running 1 test case...
Running tests using path: /tests
Active client configurations: 'local '
Running tests for config 'Ethereum GO on StateTool (local)' 2
ERROR(10): Failed unmarshaling alloc-file: read /tmp/f016fdce-64b6-4bac-94da-2940d7aff76f/alloc.json: resource temporarily unavailable
Timeout when executing GeneralStateTests/stEIP150singleCodeGasPrices
Running 1 test case...
Running tests using path: /tests
Active client configurations: 'local '
Running tests for config 'Ethereum GO on StateTool (local)' 2
ERROR(10): Failed unmarshaling alloc-file: read /tmp/d95928a8-b246-466a-af66-f415c5bb564d/alloc.json: resource temporarily unavailable
/tests/bin/evm: error while loading shared libraries: /lib/x86_64-linux-gnu/libm.so.6: cannot read file data: Error 11
/tests/bin/evm: error while loading shared libraries: /lib/x86_64-linux-gnu/libpthread.so.0: cannot read file data: Error 11
/tests/bin/evm: error while loading shared libraries: /lib/x86_64-linux-gnu/libpthread.so.0: cannot read file data: Error 11
/tests/bin/evm: error while loading shared libraries: /lib/x86_64-linux-gnu/libpthread.so.0: cannot read file data: Error 11
/tests/bin/evm: error while loading shared libraries: /lib/x86_64-linux-gnu/librt.so.1: cannot read file data: Error 11
ERROR(10): Failed unmarshaling alloc-file: read /tmp/d95928a8-b246-466a-af66-f415c5bb564d/alloc.json: resource temporarily unavailable
/tests/bin/evm: error while loading shared libraries: /lib/x86_64-linux-gnu/libpthread.so.0: cannot read file data: Error 11
/tests/bin/evm: error while loading shared libraries: /lib/x86_64-linux-gnu/librt.so.1: cannot read file data: Error 11
ERROR(10): Failed unmarshaling alloc-file: read /tmp/d95928a8-b246-466a-af66-f415c5bb564d/alloc.json: resource temporarily unavailable
/tests/bin/evm: error while loading shared libraries: /lib/x86_64-linux-gnu/libm.so.6: cannot read file data: Error 11
ERROR(10): Failed unmarshaling alloc-file: read /tmp/d95928a8-b246-466a-af66-f415c5bb564d/alloc.json: resource temporarily unavailable
/tests/bin/evm: error while loading shared libraries: /lib/x86_64-linux-gnu/libpthread.so.0: cannot read file data: Error 11
/tests/bin/evm: error while loading shared libraries: /lib/x86_64-linux-gnu/libpthread.so.0: cannot read file data: Error 11
/tests/bin/evm: error while loading shared libraries: /lib/x86_64-linux-gnu/libpthread.so.0: cannot read file data: Error 11
/tests/bin/evm: error while loading shared libraries: /lib/x86_64-linux-gnu/librt.so.1: cannot read file data: Error 11
/tests/bin/evm: error while loading shared libraries: /lib/x86_64-linux-gnu/libc.so.6: cannot read file data: Error 11
ERROR(10): Failed unmarshaling txs-file: read /tmp/d95928a8-b246-466a-af66-f415c5bb564d/txs.json: resource temporarily unavailable
/tests/bin/evm: error while loading shared libraries: /lib/x86_64-linux-gnu/libm.so.6: cannot read file data: Error 11
/tests/bin/evm: error while loading shared libraries: /lib/x86_64-linux-gnu/librt.so.1: cannot read file data: Error 11
/tests/bin/evm: error while loading shared libraries: /lib/x86_64-linux-gnu/libm.so.6: cannot read file data: Error 11
/tests/bin/evm: error while loading shared libraries: /lib/x86_64-linux-gnu/librt.so.1: cannot read file data: Error 11
/tests/bin/evm: error while loading shared libraries: /lib/x86_64-linux-gnu/libpthread.so.0: cannot read file data: Error 11
/tests/bin/evm: error while loading shared libraries: /lib/x86_64-linux-gnu/libm.so.6: cannot read file data: Error 11
/tests/bin/evm: error while loading shared libraries: /lib/x86_64-linux-gnu/libm.so.6: cannot read file data: Error 11
/tests/bin/evm: error while loading shared libraries: /lib/x86_64-linux-gnu/librt.so.1: cannot read file data: Error 11
/tests/bin/evm: error while loading shared libraries: /lib/x86_64-linux-gnu/libm.so.6: cannot read file data: Error 11
ERROR(10): Failed unmarshaling alloc-file: read /tmp/d95928a8-b246-466a-af66-f415c5bb564d/alloc.json: resource temporarily unavailable
/tests/bin/evm: error while loading shared libraries: /lib/x86_64-linux-gnu/libm.so.6: cannot read file data: Error 11
/tests/bin/evm: error while loading shared libraries: /lib/x86_64-linux-gnu/libm.so.6: cannot read file data: Error 11
Timeout when executing GeneralStateTests/stRandom2
Running 1 test case...
Running tests using path: /tests
Active client configurations: 'local '
Running tests for config 'Ethereum GO on StateTool (local)' 2
ERROR(10): Failed unmarshaling alloc-file: read /tmp/a2a432d8-ddd8-404d-9367-8bc6f5452cb5/alloc.json: resource temporarily unavailable
ERROR(10): Failed unmarshaling txs-file: read /tmp/a2a432d8-ddd8-404d-9367-8bc6f5452cb5/txs.json: resource temporarily unavailable
/tests/bin/evm: error while loading shared libraries: /lib/x86_64-linux-gnu/libpthread.so.0: cannot read file data: Error 11
ERROR(10): Failed unmarshaling alloc-file: read /tmp/a2a432d8-ddd8-404d-9367-8bc6f5452cb5/alloc.json: resource temporarily unavailable
/tests/bin/evm: error while loading shared libraries: /lib/x86_64-linux-gnu/librt.so.1: cannot read file data: Error 11
/tests/bin/evm: error while loading shared libraries: /lib/x86_64-linux-gnu/libpthread.so.0: cannot read file data: Error 11
ERROR(10): Failed unmarshaling alloc-file: read /tmp/a2a432d8-ddd8-404d-9367-8bc6f5452cb5/alloc.json: resource temporarily unavailable
/tests/bin/evm: error while loading shared libraries: /lib/x86_64-linux-gnu/libpthread.so.0: cannot read file data: Error 11
/tests/bin/evm: error while loading shared libraries: /lib/x86_64-linux-gnu/libm.so.6: cannot read file data: Error 11
/tests/bin/evm: error while loading shared libraries: /lib/x86_64-linux-gnu/librt.so.1: cannot read file data: Error 11
/tests/bin/evm: error while loading shared libraries: /lib/x86_64-linux-gnu/libpthread.so.0: cannot read file data: Error 11
ERROR(10): Failed unmarshaling txs-file: read /tmp/a2a432d8-ddd8-404d-9367-8bc6f5452cb5/txs.json: resource temporarily unavailable
/tests/bin/evm: error while loading shared libraries: /lib/x86_64-linux-gnu/libpthread.so.0: cannot read file data: Error 11
/tests/bin/evm: error while loading shared libraries: /lib/x86_64-linux-gnu/libpthread.so.0: cannot read file data: Error 11
/tests/bin/evm: error while loading shared libraries: /lib/x86_64-linux-gnu/libpthread.so.0: cannot read file data: Error 11
/tests/bin/evm: error while loading shared libraries: /lib/x86_64-linux-gnu/librt.so.1: cannot read file data: Error 11
/tests/bin/evm: error while loading shared libraries: /lib/x86_64-linux-gnu/libpthread.so.0: cannot read file data: Error 11
ERROR(10): Failed unmarshaling env-file: read /tmp/a2a432d8-ddd8-404d-9367-8bc6f5452cb5/env.json: resource temporarily unavailable
Timeout when executing GeneralStateTests/stCallDelegateCodesCallCodeHomestead
Running 1 test case...
Running tests using path: /tests
Active client configurations: 'local '
Running tests for config 'Ethereum GO on StateTool (local)' 2
/tests/bin/evm: error while loading shared libraries: /lib/x86_64-linux-gnu/libc.so.6: cannot read file data: Error 11
/tests/bin/evm: error while loading shared libraries: /lib/x86_64-linux-gnu/librt.so.1: cannot read file data: Error 11
/tests/bin/evm: error while loading shared libraries: /lib/x86_64-linux-gnu/libc.so.6: cannot read file data: Error 11
ERROR(10): Failed unmarshaling env-file: read /tmp/b9afba55-f8a7-4142-85ba-7d9d6e7d2969/env.json: resource temporarily unavailable
/tests/bin/evm: error while loading shared libraries: /lib/x86_64-linux-gnu/librt.so.1: cannot read file data: Error 11
ERROR(10): Failed unmarshaling alloc-file: read /tmp/b9afba55-f8a7-4142-85ba-7d9d6e7d2969/alloc.json: resource temporarily unavailable
/tests/bin/evm: error while loading shared libraries: /lib/x86_64-linux-gnu/libpthread.so.0: cannot read file data: Error 11
ERROR(10): Failed unmarshaling alloc-file: read /tmp/b9afba55-f8a7-4142-85ba-7d9d6e7d2969/alloc.json: resource temporarily unavailable
ERROR(10): Failed unmarshaling alloc-file: read /tmp/b9afba55-f8a7-4142-85ba-7d9d6e7d2969/alloc.json: resource temporarily unavailable
/tests/bin/evm: error while loading shared libraries: /lib/x86_64-linux-gnu/libpthread.so.0: cannot read file data: Error 11
/tests/bin/evm: error while loading shared libraries: /lib/x86_64-linux-gnu/libm.so.6: cannot read file data: Error 11
ERROR(10): Failed unmarshaling env-file: read /tmp/b9afba55-f8a7-4142-85ba-7d9d6e7d2969/env.json: resource temporarily unavailable
ERROR(10): Failed unmarshaling txs-file: read /tmp/b9afba55-f8a7-4142-85ba-7d9d6e7d2969/txs.json: resource temporarily unavailable
Running 1 test case...
Running tests using path: /tests
Active client configurations: 'local '

*** No errors detected
[33mWARNING: stEIP2537 no tests detected in folder![0m
Running tests for config 'Ethereum GO on StateTool (local)' 2
[0;31m*** Total Tests Run: 0
[0m
[33mWARNING: Test folder /tests/src/GeneralStateTestsFiller/stArgsZeroOneBalance appears to be unused![0m
[33mWARNING: Test folder /tests/src/GeneralStateTestsFiller/stAttackTest appears to be unused![0m
[33mWARNING: Test folder /tests/src/GeneralStateTestsFiller/stBadOpcode appears to be unused![0m
[33mWARNING: Test folder /tests/src/GeneralStateTestsFiller/stBugs appears to be unused![0m
[33mWARNING: Test folder /tests/src/GeneralStateTestsFiller/stCallCodes appears to be unused![0m
[33mWARNING: Test folder /tests/src/GeneralStateTestsFiller/stCallCreateCallCodeTest appears to be unused![0m
[33mWARNING: Test folder /tests/src/GeneralStateTestsFiller/stCallDelegateCodesCallCodeHomestead appears to be unused![0m
[33mWARNING: Test folder /tests/src/GeneralStateTestsFiller/stCallDelegateCodesHomestead appears to be unused![0m
[33mWARNING: Test folder /tests/src/GeneralStateTestsFiller/stChainId appears to be unused![0m
[33mWARNING: Test folder /tests/src/GeneralStateTestsFiller/stCodeCopyTest appears to be unused![0m
[33mWARNING: Test folder /tests/src/GeneralStateTestsFiller/stCodeSizeLimit appears to be unused![0m
[33mWARNING: Test folder /tests/src/GeneralStateTestsFiller/stCreate2 appears to be unused![0m
[33mWARNING: Test folder /tests/src/GeneralStateTestsFiller/stCreateTest appears to be unused![0m
[33mWARNING: Test folder /tests/src/GeneralStateTestsFiller/stDelegatecallTestHomestead appears to be unused![0m
[33mWARNING: Test folder /tests/src/GeneralStateTestsFiller/stEIP150Specific appears to be unused![0m
[33mWARNING: Test folder /tests/src/GeneralStateTestsFiller/stEIP150singleCodeGasPrices appears to be unused![0m
[33mWARNING: Test folder /tests/src/GeneralStateTestsFiller/stEIP158Specific appears to be unused![0m
[33mWARNING: Test folder /tests/src/GeneralStateTestsFiller/stEIP2930 appears to be unused![0m
[33mWARNING: Test folder /tests/src/GeneralStateTestsFiller/stExample appears to be unused![0m
[33mWARNING: Test folder /tests/src/GeneralStateTestsFiller/stExtCodeHash appears to be unused![0m
[33mWARNING: Test folder /tests/src/GeneralStateTestsFiller/stHomesteadSpecific appears to be unused![0m
[33mWARNING: Test folder /tests/src/GeneralStateTestsFiller/stInitCodeTest appears to be unused![0m
[33mWARNING: Test folder /tests/src/GeneralStateTestsFiller/stLogTests appears to be unused![0m
[33mWARNING: Test folder /tests/src/GeneralStateTestsFiller/stMemExpandingEIP150Calls appears to be unused![0m
[33mWARNING: Test folder /tests/src/GeneralStateTestsFiller/stMemoryStressTest appears to be unused![0m
[33mWARNING: Test folder /tests/src/GeneralStateTestsFiller/stMemoryTest appears to be unused![0m
[33mWARNING: Test folder /tests/src/GeneralStateTestsFiller/stNonZeroCallsTest appears to be unused![0m
[33mWARNING: Test folder /tests/src/GeneralStateTestsFiller/stPreCompiledContracts appears to be unused![0m
[33mWARNING: Test folder /tests/src/GeneralStateTestsFiller/stPreCompiledContracts2 appears to be unused![0m
[33mWARNING: Test folder /tests/src/GeneralStateTestsFiller/stQuadraticComplexityTest appears to be unused![0m
[33mWARNING: Test folder /tests/src/GeneralStateTestsFiller/stRandom appears to be unused![0m
[33mWARNING: Test folder /tests/src/GeneralStateTestsFiller/stRandom2 appears to be unused![0m
[33mWARNING: Test folder /tests/src/GeneralStateTestsFiller/stRecursiveCreate appears to be unused![0m
[33mWARNING: Test folder /tests/src/GeneralStateTestsFiller/stRefundTest appears to be unused![0m
[33mWARNING: Test folder /tests/src/GeneralStateTestsFiller/stReturnDataTest appears to be unused![0m
[33mWARNING: Test folder /tests/src/GeneralStateTestsFiller/stRevertTest appears to be unused![0m
[33mWARNING: Test folder /tests/src/GeneralStateTestsFiller/stSLoadTest appears to be unused![0m
[33mWARNING: Test folder /tests/src/GeneralStateTestsFiller/stSStoreTest appears to be unused![0m
[33mWARNING: Test folder /tests/src/GeneralStateTestsFiller/stSelfBalance appears to be unused![0m
[33mWARNING: Test folder /tests/src/GeneralStateTestsFiller/stShift appears to be unused![0m
[33mWARNING: Test folder /tests/src/GeneralStateTestsFiller/stSolidityTest appears to be unused![0m
[33mWARNING: Test folder /tests/src/GeneralStateTestsFiller/stSpecialTest appears to be unused![0m
[33mWARNING: Test folder /tests/src/GeneralStateTestsFiller/stStackTests appears to be unused![0m
[33mWARNING: Test folder /tests/src/GeneralStateTestsFiller/stStaticCall appears to be unused![0m
[33mWARNING: Test folder /tests/src/GeneralStateTestsFiller/stStaticFlagEnabled appears to be unused![0m
[33mWARNING: Test folder /tests/src/GeneralStateTestsFiller/stSystemOperationsTest appears to be unused![0m
[33mWARNING: Test folder /tests/src/GeneralStateTestsFiller/stTimeConsuming appears to be unused![0m
[33mWARNING: Test folder /tests/src/GeneralStateTestsFiller/stTransactionTest appears to be unused![0m
[33mWARNING: Test folder /tests/src/GeneralStateTestsFiller/stTransitionTest appears to be unused![0m
[33mWARNING: Test folder /tests/src/GeneralStateTestsFiller/stWalletTest appears to be unused![0m
[33mWARNING: Test folder /tests/src/GeneralStateTestsFiller/stZeroCallsRevert appears to be unused![0m
[33mWARNING: Test folder /tests/src/GeneralStateTestsFiller/stZeroCallsTest appears to be unused![0m
[33mWARNING: Test folder /tests/src/GeneralStateTestsFiller/stZeroKnowledge appears to be unused![0m
[33mWARNING: Test folder /tests/src/GeneralStateTestsFiller/stZeroKnowledge2 appears to be unused![0m
Running 1 test case...
Running tests using path: /tests
Active client configurations: 'local '
Running tests for config 'Ethereum GO on StateTool (local)' 2
ERROR(10): Failed unmarshaling txs-file: read /tmp/ba8f3f40-a3ad-45a3-b315-7d59fbcad319/txs.json: resource temporarily unavailable
/tests/bin/evm: error while loading shared libraries: /lib/x86_64-linux-gnu/libm.so.6: cannot read file data: Error 11
Test Case "stCodeCopyTest": 
50%...
100%
/retesteth/retesteth/TestOutputHelper.cpp(208): error: in "GeneralStateTests/stCodeCopyTest": 
[0;31mError: The command '/tests/config/local/start.sh --input.alloc /tmp/ba8f3f40-a3ad-45a3-b315-7d59fbcad319/alloc.json --input.txs /tmp/ba8f3f40-a3ad-45a3-b315-7d59fbcad319/txs.json --input.env /tmp/ba8f3f40-a3ad-45a3-b315-7d59fbcad319/env.json --state.fork YOLOv3 --output.basedir /tmp/ba8f3f40-a3ad-45a3-b315-7d59fbcad319 --output.result out.json --output.alloc outAlloc.json' exited with 2560 code.[33m (stCodeCopyTest/ExtCodeCopyTests, step: GeneralStateTest)[0m[0m
[0;31mError: The command '/tests/config/local/start.sh --input.alloc /tmp/ba8f3f40-a3ad-45a3-b315-7d59fbcad319/alloc.json --input.txs /tmp/ba8f3f40-a3ad-45a3-b315-7d59fbcad319/txs.json --input.env /tmp/ba8f3f40-a3ad-45a3-b315-7d59fbcad319/env.json --state.fork Istanbul --output.basedir /tmp/ba8f3f40-a3ad-45a3-b315-7d59fbcad319 --output.result out.json --output.alloc outAlloc.json' exited with 32512 code.[33m (stCodeCopyTest/ExtCodeCopyTargetRangeLongerThanCodeTests, fork: Berlin, TrInfo: d: 0, g: 0, v: 0, TrData: ` 0x..`)[0m[0m
[0;31m
--------[0m
[0;31mTestOutputHelper detected 2 errors during test execution![0m

*** 1 failure is detected in the test module "Master Test Suite"
[0;31m*** Total Tests Run: 0
[0m
[0;31m
--------[0m
[0;31m*** TOTAL ERRORS DETECTED: 2 errors during all test execution![0m
[0;31m--------[0m
info:[33m (stCodeCopyTest/ExtCodeCopyTargetRangeLongerThanCodeTests, fork: Berlin, TrInfo: d: 0, g: 0, v: 0, TrData: ` 0x..`)[0m
info:[33m (stCodeCopyTest/ExtCodeCopyTests, step: GeneralStateTest)[0m
Timeout when executing GeneralStateTests/stNonZeroCallsTest
Running 1 test case...
Running tests using path: /tests
Active client configurations: 'local '
Running tests for config 'Ethereum GO on StateTool (local)' 2
Running 1 test case...
Running tests using path: /tests
Active client configurations: 'local '
Running tests for config 'Ethereum GO on StateTool (local)' 2
ERROR(10): Failed unmarshaling env-file: read /tmp/ce58bdad-7543-4dbf-b35f-a2fff0b0ec2b/env.json: resource temporarily unavailable
/tests/bin/evm: error while loading shared libraries: /lib/x86_64-linux-gnu/librt.so.1: cannot read file data: Error 11
[0;31mError: The command '/tests/config/local/start.sh --input.alloc /tmp/ce58bdad-7543-4dbf-b35f-a2fff0b0ec2b/alloc.json --input.txs /tmp/ce58bdad-7543-4dbf-b35f-a2fff0b0ec2b/txs.json --input.env /tmp/ce58bdad-7543-4dbf-b35f-a2fff0b0ec2b/env.json --state.fork YOLOv3 --output.basedir /tmp/ce58bdad-7543-4dbf-b35f-a2fff0b0ec2b --output.result out.json --output.alloc outAlloc.json' exited with 2560 code.[33m (stAttackTest/CrashingTransaction, step: GeneralStateTest)[0m[0m
[0;31mError: The command '/tests/config/local/start.sh --input.alloc /tmp/ce58bdad-7543-4dbf-b35f-a2fff0b0ec2b/alloc.json --input.txs /tmp/ce58bdad-7543-4dbf-b35f-a2fff0b0ec2b/txs.json --input.env /tmp/ce58bdad-7543-4dbf-b35f-a2fff0b0ec2b/env.json --state.fork YOLOv3 --output.basedir /tmp/ce58bdad-7543-4dbf-b35f-a2fff0b0ec2b --output.result out.json --output.alloc outAlloc.json' exited with 32512 code.[33m (stAttackTest/ContractCreationSpam, step: GeneralStateTest)[0m[0m
[0;31m
--------[0m
[0;31mTestOutputHelper detected 2 errors during test execution![0mTest Case "stAttackTest": 
50%...
100%
/retesteth/retesteth/TestOutputHelper.cpp(208): error: in "GeneralStateTests/stAttackTest": 


*** 1 failure is detected in the test module "Master Test Suite"
[0;31m*** Total Tests Run: 0
[0m
[0;31m
--------[0m
[0;31m*** TOTAL ERRORS DETECTED: 2 errors during all test execution![0m
[0;31m--------[0m
info:[33m (stAttackTest/ContractCreationSpam, step: GeneralStateTest)[0m
info:[33m (stAttackTest/CrashingTransaction, step: GeneralStateTest)[0m
Running 1 test case...
Running tests using path: /tests
Active client configurations: 'local '
Running tests for config 'Ethereum GO on StateTool (local)' 2
/tests/bin/evm: error while loading shared libraries: /lib/x86_64-linux-gnu/libm.so.6: cannot read file data: Error 11
ERROR(10): Failed unmarshaling alloc-file: read /tmp/8dafc56c-d6cb-4c2e-99fb-e49fdddd0529/alloc.json: resource temporarily unavailable
/tests/bin/evm: error while loading shared libraries: /lib/x86_64-linux-gnu/libm.so.6: cannot read file data: Error 11
/tests/bin/evm: error while loading shared libraries: /lib/x86_64-linux-gnu/librt.so.1: cannot read file data: Error 11
/tests/bin/evm: error while loading shared libraries: /lib/x86_64-linux-gnu/libpthread.so.0: cannot read file data: Error 11
/tests/bin/evm: error while loading shared libraries: /lib/x86_64-linux-gnu/libpthread.so.0: cannot read file data: Error 11
/tests/bin/evm: error while loading shared libraries: /lib/x86_64-linux-gnu/libm.so.6: cannot read file data: Error 11
[0;31mError: The command '/tests/config/local/start.sh --input.alloc /tmp/8dafc56c-d6cb-4c2e-99fb-e49fdddd0529/alloc.json --input.txs /tmp/8dafc56c-d6cb-4c2e-99fb-e49fdddd0529/txs.json --input.env /tmp/8dafc56c-d6cb-4c2e-99fb-e49fdddd0529/env.json --state.fork YOLOv3 --output.basedir /tmp/8dafc56c-d6cb-4c2e-99fb-e49fdddd0529 --output.result out.json --output.alloc outAlloc.json' exited with 32512 code.[33m (stEIP158Specific/vitalikTransactionTest, step: GeneralStateTest)[0m[0m
[0;31mError: The command '/tests/config/local/start.sh --input.alloc /tmp/8dafc56c-d6cb-4c2e-99fb-e49fdddd0529/alloc.json --input.txs /tmp/8dafc56c-d6cb-4c2e-99fb-e49fdddd0529/txs.json --input.env /tmp/8dafc56c-d6cb-4c2e-99fb-e49fdddd0529/env.json --state.fork YOLOv3 --output.basedir /tmp/8dafc56c-d6cb-4c2e-99fb-e49fdddd0529 --output.result out.json --output.alloc outAlloc.json' exited with 2560 code.[33m (stEIP158Specific/EXP_Empty, step: GeneralStateTest)[0m[0m
[0;31mError: The command '/tests/config/local/start.sh --input.alloc /tmp/8dafc56c-d6cb-4c2e-99fb-e49fdddd0529/alloc.json --input.txs /tmp/8dafc56c-d6cb-4c2e-99fb-e49fdddd0529/txs.json --input.env /tmp/8dafc56c-d6cb-4c2e-99fb-e49fdddd0529/env.json --state.fork YOLOv3 --output.basedir /tmp/8dafc56c-d6cb-4c2e-99fb-e49fdddd0529 --output.result out.json --output.alloc outAlloc.json' exited with 32512 code.[33m (stEIP158Specific/EXTCODESIZE_toEpmty, fork: Berlin, TrInfo: d: 0, g: 0, v: 0, TrData: ` 0x..`)[0m[0m
[0;31mError: The command '/tests/config/local/start.sh --input.alloc /tmp/8dafc56c-d6cb-4c2e-99fb-e49fdddd0529/alloc.json --input.txs /tmp/8dafc56c-d6cb-4c2e-99fb-e49fdddd0529/txs.json --input.env /tmp/8dafc56c-d6cb-4c2e-99fb-e49fdddd0529/env.json --state.fork YOLOv3 --output.basedir /tmp/8dafc56c-d6cb-4c2e-99fb-e49fdddd0529 --output.result out.json --output.alloc outAlloc.json' exited with 32512 code.[33m (stEIP158Specific/EXTCODESIZE_toEpmty, fork: Berlin, TrInfo: d: 0, g: 0, v: 0, TrData: ` 0x..`)[0m[0m
[0;31mError: The command '/tests/config/local/start.sh --input.alloc /tmp/8dafc56c-d6cb-4c2e-99fb-e49fdddd0529/alloc.json --input.txs /tmp/8dafc56c-d6cb-4c2e-99fb-e49fdddd0529/txs.json --input.env /tmp/8dafc56c-d6cb-4c2e-99fb-e49fdddd0529/env.json --state.fork Istanbul --output.basedir /tmp/8dafc56c-d6cb-4c2e-99fb-e49fdddd0529 --output.result out.json --output.alloc outAlloc.json' exited with 32512 code.[33m (stEIP158Specific/callToEmptyThenCallError, fork: Berlin, TrInfo: d: 0, g: 0, v: 0, TrData: ` 0x..`)[0m[0m
[0;31mError: The command '/tests/config/local/start.sh --input.alloc /tmp/8dafc56c-d6cb-4c2e-99fb-e49fdddd0529/alloc.json --input.txs /tmp/8dafc56c-d6cb-4c2e-99fb-e49fdddd0529/txs.json --input.env /tmp/8dafc56c-d6cb-4c2e-99fb-e49fdddd0529/env.json --state.fork YOLOv3 --output.basedir /tmp/8dafc56c-d6cb-4c2e-99fb-e49fdddd0529 --output.result out.json --output.alloc outAlloc.json' exited with 32512 code.[33m (stEIP158Specific/CALL_OneVCallSuicide, step: GeneralStateTest)[0m[0m
[0;31mError: The command '/tests/config/local/start.sh --input.alloc /tmp/8dafc56c-d6cb-4c2e-99fb-e49fdddd0529/alloc.json --input.txs /tmp/8dafc56c-d6cb-4c2e-99fb-e49fdddd0529/txs.json --input.env /tmp/8dafc56c-d6cb-4c2e-99fb-e49fdddd0529/env.json --state.fork YOLOv3 --output.basedir /tmp/8dafc56c-d6cb-4c2e-99fb-e49fdddd0529 --output.result out.json --output.alloc outAlloc.json' exited with 32512 code.[33m (stEIP158Specific/CALL_ZeroVCallSuicide, fork: Berlin, TrInfo: d: 0, g: 0, v: 0, TrData: ` 0x..`)[0m[0m
[0;31mError: The command '/tests/config/local/start.sh --input.alloc /tmp/8dafc56c-d6cb-4c2e-99fb-e49fdddd0529/alloc.json --input.txs /tmp/8dafc56c-d6cb-4c2e-99fb-e49fdddd0529/txs.json --input.env /tmp/8dafc56c-d6cb-4c2e-99fb-e49fdddd0529/env.json --state.fork YOLOv3 --output.basedir /tmp/8dafc56c-d6cb-4c2e-99fb-e49fdddd0529 --output.result out.json --output.alloc outAlloc.json' exited with 32512 code.[33m (stEIP158Specific/CALL_ZeroVCallSuicide, fork: Berlin, TrInfo: d: 0, g: 0, v: 0, TrData: ` 0x..`)[0m[0m
[0;31mError: The command '/tests/config/local/start.sh --input.alloc /tmp/8dafc56c-d6cb-4c2e-99fb-e49fdddd0529/alloc.json --input.txs /tmp/8dafc56c-d6cb-4c2e-99fb-e49fdddd0529/txs.json --input.env /tmp/8dafc56c-d6cb-4c2e-99fb-e49fdddd0529/env.json --state.fork YOLOv3 --output.basedir /tmp/8dafc56c-d6cb-4c2e-99fb-e49fdddd0529 --output.result out.json --output.alloc outAlloc.json' exited with 32512 code.[33m (stEIP158Specific/EXTCODESIZE_toNonExistent, step: GeneralStateTest)[0m[0m
[0;31m
--------[0m
[0;31mTestOutputHelper detected 9 errors during test execution![0m
Test Case "stEIP158Specific": 
14%...
28%...
42%...
57%...
71%...
85%...
100%
/retesteth/retesteth/TestOutputHelper.cpp(208): error: in "GeneralStateTests/stEIP158Specific": 

*** 1 failure is detected in the test module "Master Test Suite"
[0;31m*** Total Tests Run: 0
[0m
[0;31m
--------[0m
[0;31m*** TOTAL ERRORS DETECTED: 9 errors during all test execution![0m
[0;31m--------[0m
info:[33m (stEIP158Specific/CALL_OneVCallSuicide, step: GeneralStateTest)[0m
info:[33m (stEIP158Specific/CALL_ZeroVCallSuicide, fork: Berlin, TrInfo: d: 0, g: 0, v: 0, TrData: ` 0x..`)[0m
info:[33m (stEIP158Specific/EXP_Empty, step: GeneralStateTest)[0m
info:[33m (stEIP158Specific/EXTCODESIZE_toEpmty, fork: Berlin, TrInfo: d: 0, g: 0, v: 0, TrData: ` 0x..`)[0m
info:[33m (stEIP158Specific/EXTCODESIZE_toNonExistent, step: GeneralStateTest)[0m
info:[33m (stEIP158Specific/callToEmptyThenCallError, fork: Berlin, TrInfo: d: 0, g: 0, v: 0, TrData: ` 0x..`)[0m
info:[33m (stEIP158Specific/vitalikTransactionTest, step: GeneralStateTest)[0m
Timeout when executing GeneralStateTests/stSpecialTest
Running 1 test case...
Running tests using path: /tests
Active client configurations: 'local '
Running tests for config 'Ethereum GO on StateTool (local)' 2
Running 1 test case...
Running tests using path: /tests
Active client configurations: 'local '
[33mWARNING: stSubroutine no tests detected in folder![0m
Running tests for config 'Ethereum GO on StateTool (local)' 2

*** No errors detected
[33mWARNING: Test folder /tests/src/GeneralStateTestsFiller/stArgsZeroOneBalance appears to be unused![0m
[33mWARNING: Test folder /tests/src/GeneralStateTestsFiller/stAttackTest appears to be unused![0m
[33mWARNING: Test folder /tests/src/GeneralStateTestsFiller/stBadOpcode appears to be unused![0m
[33mWARNING: Test folder /tests/src/GeneralStateTestsFiller/stBugs appears to be unused![0m
[33mWARNING: Test folder /tests/src/GeneralStateTestsFiller/stCallCodes appears to be unused![0m
[33mWARNING: Test folder /tests/src/GeneralStateTestsFiller/stCallCreateCallCodeTest appears to be unused![0m
[33mWARNING: Test folder /tests/src/GeneralStateTestsFiller/stCallDelegateCodesCallCodeHomestead appears to be unused![0m
[33mWARNING: Test folder /tests/src/GeneralStateTestsFiller/stCallDelegateCodesHomestead appears to be unused![0m
[33mWARNING: Test folder /tests/src/GeneralStateTestsFiller/stChainId appears to be unused![0m
[33mWARNING: Test folder /tests/src/GeneralStateTestsFiller/stCodeCopyTest appears to be unused![0m
[33mWARNING: Test folder /tests/src/GeneralStateTestsFiller/stCodeSizeLimit appears to be unused![0m
[33mWARNING: Test folder /tests/src/GeneralStateTestsFiller/stCreate2 appears to be unused![0m
[33mWARNING: Test folder /tests/src/GeneralStateTestsFiller/stCreateTest appears to be unused![0m
[33mWARNING: Test folder /tests/src/GeneralStateTestsFiller/stDelegatecallTestHomestead appears to be unused![0m
[33mWARNING: Test folder /tests/src/GeneralStateTestsFiller/stEIP150Specific appears to be unused![0m
[33mWARNING: Test folder /tests/src/GeneralStateTestsFiller/stEIP150singleCodeGasPrices appears to be unused![0m
[33mWARNING: Test folder /tests/src/GeneralStateTestsFiller/stEIP158Specific appears to be unused![0m
[33mWARNING: Test folder /tests/src/GeneralStateTestsFiller/stEIP2930 appears to be unused![0m
[33mWARNING: Test folder /tests/src/GeneralStateTestsFiller/stExample appears to be unused![0m
[33mWARNING: Test folder /tests/src/GeneralStateTestsFiller/stExtCodeHash appears to be unused![0m
[33mWARNING: Test folder /tests/src/GeneralStateTestsFiller/stHomesteadSpecific appears to be unused![0m
[33mWARNING: Test folder /tests/src/GeneralStateTestsFiller/stInitCodeTest appears to be unused![0m
[33mWARNING: Test folder /tests/src/GeneralStateTestsFiller/stLogTests appears to be unused![0m
[33mWARNING: Test folder /tests/src/GeneralStateTestsFiller/stMemExpandingEIP150Calls appears to be unused![0m
[33mWARNING: Test folder /tests/src/GeneralStateTestsFiller/stMemoryStressTest appears to be unused![0m
[33mWARNING: Test folder /tests/src/GeneralStateTestsFiller/stMemoryTest appears to be unused![0m
[33mWARNING: Test folder /tests/src/GeneralStateTestsFiller/stNonZeroCallsTest appears to be unused![0m
[33mWARNING: Test folder /tests/src/GeneralStateTestsFiller/stPreCompiledContracts appears to be unused![0m
[33mWARNING: Test folder /tests/src/GeneralStateTestsFiller/stPreCompiledContracts2 appears to be unused![0m
[33mWARNING: Test folder /tests/src/GeneralStateTestsFiller/stQuadraticComplexityTest appears to be unused![0m
[33mWARNING: Test folder /tests/src/GeneralStateTestsFiller/stRandom appears to be unused![0m
[33mWARNING: Test folder /tests/src/GeneralStateTestsFiller/stRandom2 appears to be unused![0m
[33mWARNING: Test folder /tests/src/GeneralStateTestsFiller/stRecursiveCreate appears to be unused![0m
[33mWARNING: Test folder /tests/src/GeneralStateTestsFiller/stRefundTest appears to be unused![0m
[33mWARNING: Test folder /tests/src/GeneralStateTestsFiller/stReturnDataTest appears to be unused![0m
[33mWARNING: Test folder /tests/src/GeneralStateTestsFiller/stRevertTest appears to be unused![0m
[33mWARNING: Test folder /tests/src/GeneralStateTestsFiller/stSLoadTest appears to be unused![0m
[33mWARNING: Test folder /tests/src/GeneralStateTestsFiller/stSStoreTest appears to be unused![0m
[33mWARNING: Test folder /tests/src/GeneralStateTestsFiller/stSelfBalance appears to be unused![0m
[33mWARNING: Test folder /tests/src/GeneralStateTestsFiller/stShift appears to be unused![0m
[33mWARNING: Test folder /tests/src/GeneralStateTestsFiller/stSolidityTest appears to be unused![0m
[33mWARNING: Test folder /tests/src/GeneralStateTestsFiller/stSpecialTest appears to be unused![0m
[33mWARNING: Test folder /tests/src/GeneralStateTestsFiller/stStackTests appears to be unused![0m
[33mWARNING: Test folder /tests/src/GeneralStateTestsFiller/stStaticCall appears to be unused![0m
[33mWARNING: Test folder /tests/src/GeneralStateTestsFiller/stStaticFlagEnabled appears to be unused![0m
[33mWARNING: Test folder /tests/src/GeneralStateTestsFiller/stSystemOperationsTest appears to be unused![0m
[33mWARNING: Test folder /tests/src/GeneralStateTestsFiller/stTimeConsuming appears to be unused![0m
[33mWARNING: Test folder /tests/src/GeneralStateTestsFiller/stTransactionTest appears to be unused![0m
[33mWARNING: Test folder /tests/src/GeneralStateTestsFiller/stTransitionTest appears to be unused![0m
[33mWARNING: Test folder /tests/src/GeneralStateTestsFiller/stWalletTest appears to be unused![0m
[0;31m*** Total Tests Run: 0
[0m
[33mWARNING: Test folder /tests/src/GeneralStateTestsFiller/stZeroCallsRevert appears to be unused![0m
[33mWARNING: Test folder /tests/src/GeneralStateTestsFiller/stZeroCallsTest appears to be unused![0m
[33mWARNING: Test folder /tests/src/GeneralStateTestsFiller/stZeroKnowledge appears to be unused![0m
[33mWARNING: Test folder /tests/src/GeneralStateTestsFiller/stZeroKnowledge2 appears to be unused![0m
Timeout when executing GeneralStateTests/stSStoreTest
Running 1 test case...
Running tests using path: /tests
Active client configurations: 'local '
Running tests for config 'Ethereum GO on StateTool (local)' 2
Timeout when executing GeneralStateTests/stInitCodeTest
Running 1 test case...
Running tests using path: /tests
Active client configurations: 'local '
Running tests for config 'Ethereum GO on StateTool (local)' 2
ERROR(10): Failed unmarshaling alloc-file: read /tmp/40ec514e-349c-4167-aa0c-e71b09d49200/alloc.json: resource temporarily unavailable
Timeout when executing GeneralStateTests/stHomesteadSpecific
Running 1 test case...
Running tests using path: /tests
Active client configurations: 'local '
Running tests for config 'Ethereum GO on StateTool (local)' 2
Running 1 test case...
Running tests using path: /tests
Active client configurations: 'local '
Running tests for config 'Ethereum GO on StateTool (local)' 2
/tests/bin/evm: error while loading shared libraries: /lib/x86_64-linux-gnu/libpthread.so.0: cannot read file data: Error 11
[0;31mError: The command '/tests/config/local/start.sh --input.alloc /tmp/bf675593-1710-4a3c-825c-99ead3b83b9d/alloc.json --input.txs /tmp/bf675593-1710-4a3c-825c-99ead3b83b9d/txs.json --input.env /tmp/bf675593-1710-4a3c-825c-99ead3b83b9d/env.json --state.fork YOLOv3 --output.basedir /tmp/bf675593-1710-4a3c-825c-99ead3b83b9d --output.result out.json --output.alloc outAlloc.json' exited with 32512 code.[33m (stExample/add11, step: GeneralStateTest)[0m[0m
[0;31m
--------[0m
[0;31mTestOutputHelper detected 1 errors during test execution![0m
Test Case "stExample": 
100%
/retesteth/retesteth/TestOutputHelper.cpp(208): error: in "GeneralStateTests/stExample": 

*** 1 failure is detected in the test module "Master Test Suite"
[0;31m*** Total Tests Run: 0
[0m
[0;31m
--------[0m
[0;31m*** TOTAL ERRORS DETECTED: 1 errors during all test execution![0m
[0;31m--------[0m
info:[33m (stExample/add11, step: GeneralStateTest)[0m
Timeout when executing GeneralStateTests/stZeroCallsRevert
Running 1 test case...
Running tests using path: /tests
Active client configurations: 'local '
Running tests for config 'Ethereum GO on StateTool (local)' 2
/tests/bin/evm: error while loading shared libraries: /lib/x86_64-linux-gnu/libpthread.so.0: cannot read file data: Error 11
Timeout when executing GeneralStateTests/stCallDelegateCodesHomestead
Running 1 test case...
Running tests using path: /tests
Active client configurations: 'local '
Running tests for config 'Ethereum GO on StateTool (local)' 2
